Started HTTP and WebSocket JSON-RPC server at http://127.0.0.1:8545/

Accounts
========

WARNING: These accounts, and their private keys, are publicly known.
Any funds sent to them on Mainnet or any other live network WILL BE LOST.

Account #0: 0xf39Fd6e51aad88F6F4ce6aB8827279cffFb92266 (10000 ETH)
Private Key: 0xac0974bec39a17e36ba4a6b4d238ff944bacb478cbed5efcae784d7bf4f2ff80

Account #1: 0x70997970C51812dc3A010C7d01b50e0d17dc79C8 (10000 ETH)
Private Key: 0x59c6995e998f97a5a0044966f0945389dc9e86dae88c7a8412f4603b6b78690d

Account #2: 0x3C44CdDdB6a900fa2b585dd299e03d12FA4293BC (10000 ETH)
Private Key: 0x5de4111afa1a4b94908f83103eb1f1706367c2e68ca870fc3fb9a804cdab365a

Account #3: 0x90F79bf6EB2c4f870365E785982E1f101E93b906 (10000 ETH)
Private Key: 0x7c852118294e51e653712a81e05800f419141751be58f605c371e15141b007a6

Account #4: 0x15d34AAf54267DB7D7c367839AAf71A00a2C6A65 (10000 ETH)
Private Key: 0x47e179ec197488593b187f80a00eb0da91f1b9d0b13f8733639f19c30a34926a

Account #5: 0x9965507D1a55bcC2695C58ba16FB37d819B0A4dc (10000 ETH)
Private Key: 0x8b3a350cf5c34c9194ca85829a2df0ec3153be0318b5e2d3348e872092edffba

Account #6: 0x976EA74026E726554dB657fA54763abd0C3a0aa9 (10000 ETH)
Private Key: 0x92db14e403b83dfe3df233f83dfa3a0d7096f21ca9b0d6d6b8d88b2b4ec1564e

Account #7: 0x14dC79964da2C08b23698B3D3cc7Ca32193d9955 (10000 ETH)
Private Key: 0x4bbbf85ce3377467afe5d46f804f221813b2bb87f24d81f60f1fcdbf7cbf4356

Account #8: 0x23618e81E3f5cdF7f54C3d65f7FBc0aBf5B21E8f (10000 ETH)
Private Key: 0xdbda1821b80551c9d65939329250298aa3472ba22feea921c0cf5d620ea67b97

Account #9: 0xa0Ee7A142d267C1f36714E4a8F75612F20a79720 (10000 ETH)
Private Key: 0x2a871d0798f97d79848a013d4936a73bf4cc922c825d33c1cf7073dff6d409c6

Account #10: 0xBcd4042DE499D14e55001CcbB24a551F3b954096 (10000 ETH)
Private Key: 0xf214f2b2cd398c806f84e317254e0f0b801d0643303237d97a22a48e01628897

Account #11: 0x71bE63f3384f5fb98995898A86B02Fb2426c5788 (10000 ETH)
Private Key: 0x701b615bbdfb9de65240bc28bd21bbc0d996645a3dd57e7b12bc2bdf6f192c82

Account #12: 0xFABB0ac9d68B0B445fB7357272Ff202C5651694a (10000 ETH)
Private Key: 0xa267530f49f8280200edf313ee7af6b827f2a8bce2897751d06a843f644967b1

Account #13: 0x1CBd3b2770909D4e10f157cABC84C7264073C9Ec (10000 ETH)
Private Key: 0x47c99abed3324a2707c28affff1267e45918ec8c3f20b8aa892e8b065d2942dd

Account #14: 0xdF3e18d64BC6A983f673Ab319CCaE4f1a57C7097 (10000 ETH)
Private Key: 0xc526ee95bf44d8fc405a158bb884d9d1238d99f0612e9f33d006bb0789009aaa

Account #15: 0xcd3B766CCDd6AE721141F452C550Ca635964ce71 (10000 ETH)
Private Key: 0x8166f546bab6da521a8369cab06c5d2b9e46670292d85c875ee9ec20e84ffb61

Account #16: 0x2546BcD3c84621e976D8185a91A922aE77ECEc30 (10000 ETH)
Private Key: 0xea6c44ac03bff858b476bba40716402b03e41b8e97e276d1baec7c37d42484a0

Account #17: 0xbDA5747bFD65F08deb54cb465eB87D40e51B197E (10000 ETH)
Private Key: 0x689af8efa8c651a91ad287602527f3af2fe9f6501a7ac4b061667b5a93e037fd

Account #18: 0xdD2FD4581271e230360230F9337D5c0430Bf44C0 (10000 ETH)
Private Key: 0xde9be858da4a475276426320d5e9262ecfc3ba460bfac56360bfa6c4c28b4ee0

Account #19: 0x8626f6940E2eb28930eFb4CeF49B2d1F2C9C1199 (10000 ETH)
Private Key: 0xdf57089febbacf7ba0bc227dafbffa9fc08a93fdc68e1e42411a14efcf23656e

WARNING: These accounts, and their private keys, are publicly known.
Any funds sent to them on Mainnet or any other live network WILL BE LOST.

[32meth_accounts[0m
[32mhardhat_metadata[0m
[32mhardhat_metadata (2)[0m
[32mhardhat_metadata (3)[0m
[32mhardhat_metadata (4)[0m
[32mhardhat_metadata (5)[0m
[32mhardhat_metadata (6)[0m
[32mhardhat_metadata (7)[0m
[32mhardhat_metadata (8)[0m
[32mhardhat_metadata (9)[0m
[32mhardhat_metadata (10)[0m
[32mhardhat_metadata (11)[0m
[32mhardhat_metadata (12)[0m
[32mhardhat_metadata (13)[0m
[32mhardhat_metadata (14)[0m
[32mhardhat_metadata (15)[0m
[32mhardhat_metadata (16)[0m
[32mhardhat_metadata (17)[0m
[32mhardhat_metadata (18)[0m
[32mhardhat_metadata (19)[0m
[32mhardhat_metadata (20)[0m
[32meth_accounts[0m
[32mhardhat_metadata[0m
[32mhardhat_metadata (2)[0m
[32mhardhat_metadata (3)[0m
[32mhardhat_metadata (4)[0m
[32mhardhat_metadata (5)[0m
[32mhardhat_metadata (6)[0m
[32mhardhat_metadata (7)[0m
[32mhardhat_metadata (8)[0m
[32mhardhat_metadata (9)[0m
[32mhardhat_metadata (10)[0m
[32mhardhat_metadata (11)[0m
[32mhardhat_metadata (12)[0m
[32mhardhat_metadata (13)[0m
[32mhardhat_metadata (14)[0m
[32mhardhat_metadata (15)[0m
[32mhardhat_metadata (16)[0m
[32mhardhat_metadata (17)[0m
[32mhardhat_metadata (18)[0m
[32mhardhat_metadata (19)[0m
[32mhardhat_metadata (20)[0m
[32meth_blockNumber[0m
[32meth_getBlockByNumber[0m
[32meth_feeHistory[0m
[32meth_maxPriorityFeePerGas[0m
[32meth_sendTransaction[0m
  Contract deployment: DXPToken
  Contract address:    0x5fbdb2315678afecb367f032d93f642f64180aa3
  Transaction:         0xcc433752a1435b528b93e2d06cd7376adb709bae394f5530f7f2fb57ed602fe9
  From:                0xf39fd6e51aad88f6f4ce6ab8827279cfffb92266
  Value:               0 ETH
  Gas used:            2093500 of 30000000
  Block #1:            0x3b885adffe53199528f19fdf28e772fbf69eadd7ead156777025ddf9fc1906a6

[32meth_getTransactionByHash[0m
[32meth_getTransactionReceipt[0m
[32meth_accounts[0m
[32mhardhat_metadata[0m
[32mhardhat_metadata (2)[0m
[32mhardhat_metadata (3)[0m
[32mhardhat_metadata (4)[0m
[32mhardhat_metadata (5)[0m
[32mhardhat_metadata (6)[0m
[32mhardhat_metadata (7)[0m
[32mhardhat_metadata (8)[0m
[32mhardhat_metadata (9)[0m
[32mhardhat_metadata (10)[0m
[32mhardhat_metadata (11)[0m
[32mhardhat_metadata (12)[0m
[32mhardhat_metadata (13)[0m
[32mhardhat_metadata (14)[0m
[32mhardhat_metadata (15)[0m
[32mhardhat_metadata (16)[0m
[32mhardhat_metadata (17)[0m
[32mhardhat_metadata (18)[0m
[32mhardhat_metadata (19)[0m
[32mhardhat_metadata (20)[0m
[32meth_blockNumber[0m
[32meth_feeHistory[0m
[32meth_sendTransaction[0m
  Contract deployment: DXPFaucet
  Contract address:    0xe7f1725e7734ce288f8367e1bb143e90bb3f0512
  Transaction:         0x89b74b749208f816489e5121ee0b21bdb5652e5d4bac30231e3bc3f072fc39ff
  From:                0xf39fd6e51aad88f6f4ce6ab8827279cfffb92266
  Value:               0 ETH
  Gas used:            441319 of 30000000
  Block #2:            0x5e5136cbf4eeaee166797348a5ffcb95c9422860f8baae932ab32d1c97384d04

[32meth_getTransactionByHash[0m
[32meth_getTransactionReceipt[0m
[32meth_accounts[0m
[32mhardhat_metadata[0m
[32mhardhat_metadata (2)[0m
[32mhardhat_metadata (3)[0m
[32mhardhat_metadata (4)[0m
[32mhardhat_metadata (5)[0m
[32mhardhat_metadata (6)[0m
[32mhardhat_metadata (7)[0m
[32mhardhat_metadata (8)[0m
[32mhardhat_metadata (9)[0m
[32mhardhat_metadata (10)[0m
[32mhardhat_metadata (11)[0m
[32mhardhat_metadata (12)[0m
[32mhardhat_metadata (13)[0m
[32mhardhat_metadata (14)[0m
[32mhardhat_metadata (15)[0m
[32mhardhat_metadata (16)[0m
[32mhardhat_metadata (17)[0m
[32mhardhat_metadata (18)[0m
[32mhardhat_metadata (19)[0m
[32mhardhat_metadata (20)[0m
[32meth_blockNumber[0m
[32meth_feeHistory[0m
[32meth_sendTransaction[0m
  Contract deployment: FarmDeployer
  Contract address:    0x9fe46736679d2d9a65f0992f2272de9f3c7fa6e0
  Transaction:         0x4249ec836bae9072abfb0f0e41a7d6bd5cb60e27ce71e6dc30fcd677c56e8255
  From:                0xf39fd6e51aad88f6f4ce6ab8827279cfffb92266
  Value:               0 ETH
  Gas used:            2748209 of 30000000
  Block #3:            0xe4284ba75f8b8b87357a60b113e405355be694cb4e9582bb4f87574b68b20707

[32meth_getTransactionByHash[0m
[32meth_getTransactionReceipt[0m
[32meth_accounts[0m
[32mhardhat_metadata[0m
[32mhardhat_metadata (2)[0m
[32mhardhat_metadata (3)[0m
[32mhardhat_metadata (4)[0m
[32mhardhat_metadata (5)[0m
[32mhardhat_metadata (6)[0m
[32mhardhat_metadata (7)[0m
[32mhardhat_metadata (8)[0m
[32mhardhat_metadata (9)[0m
[32mhardhat_metadata (10)[0m
[32mhardhat_metadata (11)[0m
[32mhardhat_metadata (12)[0m
[32mhardhat_metadata (13)[0m
[32mhardhat_metadata (14)[0m
[32mhardhat_metadata (15)[0m
[32mhardhat_metadata (16)[0m
[32mhardhat_metadata (17)[0m
[32mhardhat_metadata (18)[0m
[32mhardhat_metadata (19)[0m
[32mhardhat_metadata (20)[0m
[32meth_blockNumber[0m
[32meth_feeHistory[0m
[32meth_sendTransaction[0m
  Contract deployment: RestakeFarmDeployer
  Contract address:    0xcf7ed3acca5a467e9e704c703e8d87f634fb0fc9
  Transaction:         0x007c23bf44cf7f1c2e268750ca815264f603ba5435585c127614fbf572a07ce8
  From:                0xf39fd6e51aad88f6f4ce6ab8827279cfffb92266
  Value:               0 ETH
  Gas used:            3034842 of 30000000
  Block #4:            0x58a7435bfba5cf7ea119325e1f298969e647d921bc6346a2c1ef88002e82e0d6

[32meth_getTransactionByHash[0m
[32meth_getTransactionReceipt[0m
[32meth_accounts[0m
[32mhardhat_metadata[0m
[32mhardhat_metadata (2)[0m
[32mhardhat_metadata (3)[0m
[32mhardhat_metadata (4)[0m
[32mhardhat_metadata (5)[0m
[32mhardhat_metadata (6)[0m
[32mhardhat_metadata (7)[0m
[32mhardhat_metadata (8)[0m
[32mhardhat_metadata (9)[0m
[32mhardhat_metadata (10)[0m
[32mhardhat_metadata (11)[0m
[32mhardhat_metadata (12)[0m
[32mhardhat_metadata (13)[0m
[32mhardhat_metadata (14)[0m
[32mhardhat_metadata (15)[0m
[32mhardhat_metadata (16)[0m
[32mhardhat_metadata (17)[0m
[32mhardhat_metadata (18)[0m
[32mhardhat_metadata (19)[0m
[32mhardhat_metadata (20)[0m
[32meth_blockNumber[0m
[32meth_feeHistory[0m
[32meth_sendTransaction[0m
  Contract deployment: FarmFactory
  Contract address:    0xdc64a140aa3e981100a9beca4e685f962f0cf6c9
  Transaction:         0x4cc30ad99bed48f15db90bf030d8eb52ba13115b9fcb0ddfe181fdca8b02e7ba
  From:                0xf39fd6e51aad88f6f4ce6ab8827279cfffb92266
  Value:               0 ETH
  Gas used:            487644 of 30000000
  Block #5:            0xd5240c7b2b9812e3c040996277ff847ff6a3e09cf3a7051621fa9776ee4341e0

[32meth_getTransactionByHash[0m
[32meth_getTransactionReceipt[0m
[32meth_accounts[0m
[32mhardhat_metadata[0m
[32mhardhat_metadata (2)[0m
[32mhardhat_metadata (3)[0m
[32mhardhat_metadata (4)[0m
[32mhardhat_metadata (5)[0m
[32mhardhat_metadata (6)[0m
[32mhardhat_metadata (7)[0m
[32mhardhat_metadata (8)[0m
[32mhardhat_metadata (9)[0m
[32mhardhat_metadata (10)[0m
[32mhardhat_metadata (11)[0m
[32mhardhat_metadata (12)[0m
[32mhardhat_metadata (13)[0m
[32mhardhat_metadata (14)[0m
[32mhardhat_metadata (15)[0m
[32mhardhat_metadata (16)[0m
[32mhardhat_metadata (17)[0m
[32mhardhat_metadata (18)[0m
[32mhardhat_metadata (19)[0m
[32mhardhat_metadata (20)[0m
[32meth_blockNumber[0m
[32meth_feeHistory[0m
[32meth_sendTransaction[0m
  Contract deployment: ProtocolCore
  Contract address:    0x5fc8d32690cc91d4c39d9d3abcbd16989f875707
  Transaction:         0x57c95d3aa14a20db62997b52a6377bede73acdcf920d526adf27fb73a8d4b0f9
  From:                0xf39fd6e51aad88f6f4ce6ab8827279cfffb92266
  Value:               0 ETH
  Gas used:            5499900 of 30000000
  Block #6:            0x410026521c23c6a1c099212b398017a696487d9bdde5d9faf1f6ae9f5ae08c8a

[32meth_getTransactionByHash[0m
[32meth_getTransactionReceipt[0m
[32meth_blockNumber[0m
[32meth_feeHistory[0m
[32meth_sendTransaction[0m
  Contract call:       FarmFactory#transferOwnership
  Transaction:         0x85d0e9b19a7af8646cd5392904becda07e4ed860ba08d685c95c70008dd8e1e8
  From:                0xf39fd6e51aad88f6f4ce6ab8827279cfffb92266
  To:                  0xdc64a140aa3e981100a9beca4e685f962f0cf6c9
  Value:               0 ETH
  Gas used:            28509 of 30000000
  Block #7:            0x2998e94e4582261045a72a7ad17814d0c8a668c37f354a2972e43b8f5c827e9c

[32meth_getTransactionByHash[0m
[32meth_getTransactionReceipt[0m
[32meth_accounts[0m
[32mhardhat_metadata[0m
[32mhardhat_metadata (2)[0m
[32mhardhat_metadata (3)[0m
[32mhardhat_metadata (4)[0m
[32mhardhat_metadata (5)[0m
[32mhardhat_metadata (6)[0m
[32mhardhat_metadata (7)[0m
[32mhardhat_metadata (8)[0m
[32mhardhat_metadata (9)[0m
[32mhardhat_metadata (10)[0m
[32mhardhat_metadata (11)[0m
[32mhardhat_metadata (12)[0m
[32mhardhat_metadata (13)[0m
[32mhardhat_metadata (14)[0m
[32mhardhat_metadata (15)[0m
[32mhardhat_metadata (16)[0m
[32mhardhat_metadata (17)[0m
[32mhardhat_metadata (18)[0m
[32mhardhat_metadata (19)[0m
[32mhardhat_metadata (20)[0m
[32meth_blockNumber[0m
[32meth_feeHistory[0m
[32meth_sendTransaction[0m
  Contract deployment: MockBridgeAdapter
  Contract address:    0xa513e6e4b8f2a923d98304ec87f64353c4d5c853
  Transaction:         0x2f7dc8d937275e003f595584115f2e373597453e50818233e98121ec945d4c78
  From:                0xf39fd6e51aad88f6f4ce6ab8827279cfffb92266
  Value:               0 ETH
  Gas used:            298277 of 30000000
  Block #8:            0xbf2db47863d40eeea013f8eb2a57fc1b36d1ec45e40622f6969b4f666ae9e495

[32meth_getTransactionByHash[0m
[32meth_getTransactionReceipt[0m
[32meth_accounts[0m
[32mhardhat_metadata[0m
[32mhardhat_metadata (2)[0m
[32mhardhat_metadata (3)[0m
[32mhardhat_metadata (4)[0m
[32mhardhat_metadata (5)[0m
[32mhardhat_metadata (6)[0m
[32mhardhat_metadata (7)[0m
[32mhardhat_metadata (8)[0m
[32mhardhat_metadata (9)[0m
[32mhardhat_metadata (10)[0m
[32mhardhat_metadata (11)[0m
[32mhardhat_metadata (12)[0m
[32mhardhat_metadata (13)[0m
[32mhardhat_metadata (14)[0m
[32mhardhat_metadata (15)[0m
[32mhardhat_metadata (16)[0m
[32mhardhat_metadata (17)[0m
[32mhardhat_metadata (18)[0m
[32mhardhat_metadata (19)[0m
[32mhardhat_metadata (20)[0m
[32meth_blockNumber[0m
[32meth_feeHistory[0m
[32meth_sendTransaction[0m
  Contract deployment: MockLiquidityManager
  Contract address:    0x2279b7a0a67db372996a5fab50d91eaa73d2ebe6
  Transaction:         0xab3333efd9c789df122bee956239ec4135c3bd7878a8fcee21a79d3d53719d9b
  From:                0xf39fd6e51aad88f6f4ce6ab8827279cfffb92266
  Value:               0 ETH
  Gas used:            340627 of 30000000
  Block #9:            0x798c73df2153d8145525fdb4452150be3b653edb23e83679ae3440dcb43b5041

[32meth_getTransactionByHash[0m
[32meth_getTransactionReceipt[0m
[32meth_accounts[0m
[32mhardhat_metadata[0m
[32mhardhat_metadata (2)[0m
[32mhardhat_metadata (3)[0m
[32mhardhat_metadata (4)[0m
[32mhardhat_metadata (5)[0m
[32mhardhat_metadata (6)[0m
[32mhardhat_metadata (7)[0m
[32mhardhat_metadata (8)[0m
[32mhardhat_metadata (9)[0m
[32mhardhat_metadata (10)[0m
[32mhardhat_metadata (11)[0m
[32mhardhat_metadata (12)[0m
[32mhardhat_metadata (13)[0m
[32mhardhat_metadata (14)[0m
[32mhardhat_metadata (15)[0m
[32mhardhat_metadata (16)[0m
[32mhardhat_metadata (17)[0m
[32mhardhat_metadata (18)[0m
[32mhardhat_metadata (19)[0m
[32mhardhat_metadata (20)[0m
[32meth_call[0m
  Contract call:       ProtocolCore#consensus
  From:                0xf39fd6e51aad88f6f4ce6ab8827279cfffb92266
  To:                  0x5fc8d32690cc91d4c39d9d3abcbd16989f875707

[32meth_blockNumber[0m
[32meth_feeHistory[0m
[32meth_sendTransaction[0m
  Contract deployment: Consensus
  Contract address:    0x8a791620dd6260079bf849dc5567adc3f2fdc318
  Transaction:         0x6f0baab17625f4356359d760fb056ba225e74474a2ec77e60b7958a646d503f5
  From:                0xf39fd6e51aad88f6f4ce6ab8827279cfffb92266
  Value:               0 ETH
  Gas used:            768635 of 30000000
  Block #10:           0x64e85e7a0a2c9002dd77352c26a64510431fef9fc6fffaee2496c80bafcc454a

[32meth_getTransactionByHash[0m
[32meth_getTransactionReceipt[0m
[32meth_blockNumber[0m
[32meth_feeHistory[0m
[32meth_sendTransaction[0m
  Contract call:       ProtocolCore#setConsensusModule
  Transaction:         0x3ae711351bff9990a43ce205e4c4750b8bc85560e78b600bb1689abe8067f052
  From:                0xf39fd6e51aad88f6f4ce6ab8827279cfffb92266
  To:                  0x5fc8d32690cc91d4c39d9d3abcbd16989f875707
  Value:               0 ETH
  Gas used:            48019 of 30000000
  Block #11:           0xd4841456150773508dba22e68baada2afca7501c0db400b6c85a43cd19e69cbf

[32meth_getTransactionByHash[0m
[32meth_getTransactionReceipt[0m
[32meth_call[0m
  Contract call:       ProtocolCore#bridgeAdapter
  From:                0xf39fd6e51aad88f6f4ce6ab8827279cfffb92266
  To:                  0x5fc8d32690cc91d4c39d9d3abcbd16989f875707

[32meth_blockNumber[0m
[32meth_feeHistory[0m
[32meth_sendTransaction[0m
  Contract call:       ProtocolCore#setBridgingAdaptor
  Transaction:         0x5c68c3681a27aba70ae64042b78b23fa554db85b3eb0fe2b336b568ceb192913
  From:                0xf39fd6e51aad88f6f4ce6ab8827279cfffb92266
  To:                  0x5fc8d32690cc91d4c39d9d3abcbd16989f875707
  Value:               0 ETH
  Gas used:            46961 of 30000000
  Block #12:           0x77dd93651f0dc08340b0499e3eb801f8c2fd516d8ebede101cfeeb2e31c4c3df

[32meth_getTransactionByHash[0m
[32meth_getTransactionReceipt[0m
[32meth_call[0m
  Contract call:       ProtocolCore#liquidityManager
  From:                0xf39fd6e51aad88f6f4ce6ab8827279cfffb92266
  To:                  0x5fc8d32690cc91d4c39d9d3abcbd16989f875707

[32meth_blockNumber[0m
[32meth_feeHistory[0m
[32meth_sendTransaction[0m
  Contract call:       ProtocolCore#setLiquidityManager
  Transaction:         0xacff70e42b001512215664ec5370d58e3398b225c285498beb86fd31eded29f9
  From:                0xf39fd6e51aad88f6f4ce6ab8827279cfffb92266
  To:                  0x5fc8d32690cc91d4c39d9d3abcbd16989f875707
  Value:               0 ETH
  Gas used:            46169 of 30000000
  Block #13:           0xa009a5b31de0aa22493018761e9b0f36c50870bdaa9cf0197e9ebb0e27a22d14

[32meth_getTransactionByHash[0m
[32meth_getTransactionReceipt[0m
[32meth_call[0m
  Contract call:       ProtocolCore#rootFarm
  From:                0xf39fd6e51aad88f6f4ce6ab8827279cfffb92266
  To:                  0x5fc8d32690cc91d4c39d9d3abcbd16989f875707

[32meth_call[0m
  Contract call:       ProtocolCore#vdxpToken
  From:                0xf39fd6e51aad88f6f4ce6ab8827279cfffb92266
  To:                  0x5fc8d32690cc91d4c39d9d3abcbd16989f875707

[32meth_accounts[0m
[32mhardhat_metadata[0m
[32mhardhat_metadata (2)[0m
[32mhardhat_metadata (3)[0m
[32mhardhat_metadata (4)[0m
[32mhardhat_metadata (5)[0m
[32mhardhat_metadata (6)[0m
[32mhardhat_metadata (7)[0m
[32mhardhat_metadata (8)[0m
[32mhardhat_metadata (9)[0m
[32mhardhat_metadata (10)[0m
[32mhardhat_metadata (11)[0m
[32mhardhat_metadata (12)[0m
[32mhardhat_metadata (13)[0m
[32mhardhat_metadata (14)[0m
[32mhardhat_metadata (15)[0m
[32mhardhat_metadata (16)[0m
[32mhardhat_metadata (17)[0m
[32mhardhat_metadata (18)[0m
[32mhardhat_metadata (19)[0m
[32mhardhat_metadata (20)[0m
[32meth_blockNumber[0m
[32meth_feeHistory[0m
[32meth_sendTransaction[0m
  Contract deployment: RootFarm
  Contract address:    0x0dcd1bf9a1b36ce34237eeafef220932846bcd82
  Transaction:         0xafd20b8761936857cf2aaecb8866b9c181644b480d9be7ba99e88cd92f48be21
  From:                0xf39fd6e51aad88f6f4ce6ab8827279cfffb92266
  Value:               0 ETH
  Gas used:            2502655 of 30000000
  Block #14:           0x9c522c49b8ca6e2031172aa054ed595692152da0189865d899ba66fbf05dce9f

[32meth_getTransactionByHash[0m
[32meth_getTransactionReceipt[0m
[32meth_blockNumber[0m
[32meth_feeHistory[0m
[32meth_sendTransaction[0m
  Contract call:       ProtocolCore#setRootFarm
  Transaction:         0xf77721f73f2e9aaa868db5b69642f2b05208c442b57006219edcba52e3a113ab
  From:                0xf39fd6e51aad88f6f4ce6ab8827279cfffb92266
  To:                  0x5fc8d32690cc91d4c39d9d3abcbd16989f875707
  Value:               0 ETH
  Gas used:            182517 of 30000000
  Block #15:           0x53e75f22641e8917b164e0a7a927e6849cc5be83b172c940085114700361d0b8

[32meth_getTransactionByHash[0m
[32meth_getTransactionReceipt[0m
[32meth_accounts[0m
[32mhardhat_metadata[0m
[32mhardhat_metadata (2)[0m
[32mhardhat_metadata (3)[0m
[32mhardhat_metadata (4)[0m
[32mhardhat_metadata (5)[0m
[32mhardhat_metadata (6)[0m
[32mhardhat_metadata (7)[0m
[32mhardhat_metadata (8)[0m
[32mhardhat_metadata (9)[0m
[32mhardhat_metadata (10)[0m
[32mhardhat_metadata (11)[0m
[32mhardhat_metadata (12)[0m
[32mhardhat_metadata (13)[0m
[32mhardhat_metadata (14)[0m
[32mhardhat_metadata (15)[0m
[32mhardhat_metadata (16)[0m
[32mhardhat_metadata (17)[0m
[32mhardhat_metadata (18)[0m
[32mhardhat_metadata (19)[0m
[32mhardhat_metadata (20)[0m
[32meth_blockNumber[0m
[32meth_feeHistory[0m
[32meth_sendTransaction[0m
  Contract deployment: RootAnchorMMStrategy
  Contract address:    0x0b306bf915c4d645ff596e518faf3f9669b97016
  Transaction:         0xd24fb6ca38c6389ccee57d7df1ad3e633df82a8ca0c43929a316f2cfc25bef2b
  From:                0xf39fd6e51aad88f6f4ce6ab8827279cfffb92266
  Value:               0 ETH
  Gas used:            1422847 of 30000000
  Block #16:           0x97916d51d53c3f2224dd79665c6e13ed37e2dd7cfaa4897d66354b6f9fcbaa0c

[32meth_getTransactionByHash[0m
[32meth_getTransactionReceipt[0m
[32meth_blockNumber[0m
[32meth_feeHistory[0m
[32meth_sendTransaction[0m
  Contract call:       RootAnchorMMStrategy#initialize
  Transaction:         0xb02c3209886d4dca6862f8f42b64be62429af9f9dcb1b631d3bda4556309c5cb
  From:                0xf39fd6e51aad88f6f4ce6ab8827279cfffb92266
  To:                  0x0b306bf915c4d645ff596e518faf3f9669b97016
  Value:               0 ETH
  Gas used:            218100 of 30000000
  Block #17:           0xa369d836599cbc657e7fa6f92246be6e16e3ce192f7f8deaf2b2a263937aff2a

[32meth_getTransactionByHash[0m
[32meth_getTransactionReceipt[0m
[32meth_accounts[0m
[32mhardhat_metadata[0m
[32mhardhat_metadata (2)[0m
[32mhardhat_metadata (3)[0m
[32mhardhat_metadata (4)[0m
[32mhardhat_metadata (5)[0m
[32mhardhat_metadata (6)[0m
[32mhardhat_metadata (7)[0m
[32mhardhat_metadata (8)[0m
[32mhardhat_metadata (9)[0m
[32mhardhat_metadata (10)[0m
[32mhardhat_metadata (11)[0m
[32mhardhat_metadata (12)[0m
[32mhardhat_metadata (13)[0m
[32mhardhat_metadata (14)[0m
[32mhardhat_metadata (15)[0m
[32mhardhat_metadata (16)[0m
[32mhardhat_metadata (17)[0m
[32mhardhat_metadata (18)[0m
[32mhardhat_metadata (19)[0m
[32mhardhat_metadata (20)[0m
[32meth_blockNumber[0m
[32meth_feeHistory[0m
[32meth_sendTransaction[0m
  Contract call:       RootFarm#updateStrategy
  Transaction:         0xf32e0d2eca68db8db2bf37b9d06a30153bcf17a555afe1aa892ce37c5aff570a
  From:                0xf39fd6e51aad88f6f4ce6ab8827279cfffb92266
  To:                  0x0dcd1bf9a1b36ce34237eeafef220932846bcd82
  Value:               0 ETH
  Gas used:            46922 of 30000000
  Block #18:           0x22ce5f2ab15308e3f275aec991cfd94e96f1357afd61c20e2968e6ad8cbcf6a1

[32meth_getTransactionByHash[0m
[32meth_getTransactionReceipt[0m
[32meth_accounts[0m
[32mhardhat_metadata[0m
[32mhardhat_metadata (2)[0m
[32mhardhat_metadata (3)[0m
[32mhardhat_metadata (4)[0m
[32mhardhat_metadata (5)[0m
[32mhardhat_metadata (6)[0m
[32mhardhat_metadata (7)[0m
[32mhardhat_metadata (8)[0m
[32mhardhat_metadata (9)[0m
[32mhardhat_metadata (10)[0m
[32mhardhat_metadata (11)[0m
[32mhardhat_metadata (12)[0m
[32mhardhat_metadata (13)[0m
[32mhardhat_metadata (14)[0m
[32mhardhat_metadata (15)[0m
[32mhardhat_metadata (16)[0m
[32mhardhat_metadata (17)[0m
[32mhardhat_metadata (18)[0m
[32mhardhat_metadata (19)[0m
[32mhardhat_metadata (20)[0m
[32meth_blockNumber[0m
[32meth_feeHistory[0m
[32meth_sendTransaction[0m
  Contract call:       DXPToken#transfer
  Transaction:         0xfdc98f4a8c3fa1dc9c6685d944d65ed2b9456f5c8f5e50eddeedd1be21fa3a3b
  From:                0xf39fd6e51aad88f6f4ce6ab8827279cfffb92266
  To:                  0x5fbdb2315678afecb367f032d93f642f64180aa3
  Value:               0 ETH
  Gas used:            26929 of 30000000
  Block #19:           0x01ef80daf5fccf1cff668c22ffa1826e8e708b610c1887c00512e9a62bf2616b

[32meth_getTransactionByHash[0m
[32meth_getTransactionReceipt[0m
[32meth_call[0m
  Contract call:       DXPToken#balanceOf
  From:                0xf39fd6e51aad88f6f4ce6ab8827279cfffb92266
  To:                  0x5fbdb2315678afecb367f032d93f642f64180aa3

[32meth_blockNumber[0m
[32meth_feeHistory[0m
[32meth_sendTransaction[0m
  Contract call:       DXPToken#transfer
  Transaction:         0x46a08a4ff115a289189463ac126fc8c1717fb692c1ceb5633f5d11cb6216bf7f
  From:                0xf39fd6e51aad88f6f4ce6ab8827279cfffb92266
  To:                  0x5fbdb2315678afecb367f032d93f642f64180aa3
  Value:               0 ETH
  Gas used:            51641 of 30000000
  Block #20:           0x28f8daa2eea383e8384ed56a5b35d96325eebc4fadc06fb964b8d0d58803e6a4

[32meth_getTransactionByHash[0m
[32meth_getTransactionReceipt[0m
[32meth_blockNumber[0m
[32meth_feeHistory[0m
[32meth_sendTransaction[0m
  Contract call:       DXPToken#transferOwnership
  Transaction:         0x18dfb0058a5b3fa590a2db194e332a73a074ca9220826567d8afc9b5e7c5579a
  From:                0xf39fd6e51aad88f6f4ce6ab8827279cfffb92266
  To:                  0x5fbdb2315678afecb367f032d93f642f64180aa3
  Value:               0 ETH
  Gas used:            29065 of 30000000
  Block #21:           0x077c72e0321c74861752e04d87e8e8b502c24784a36447ecfb25b0ad37be8246

[32meth_getTransactionByHash[0m
[32meth_getTransactionReceipt[0m
[32meth_blockNumber[0m
[32meth_accounts[0m
[32mhardhat_metadata[0m
[32mhardhat_metadata (2)[0m
[32mhardhat_metadata (3)[0m
[32mhardhat_metadata (4)[0m
[32mhardhat_metadata (5)[0m
[32mhardhat_metadata (6)[0m
[32mhardhat_metadata (7)[0m
[32mhardhat_metadata (8)[0m
[32mhardhat_metadata (9)[0m
[32mhardhat_metadata (10)[0m
[32mhardhat_metadata (11)[0m
[32mhardhat_metadata (12)[0m
[32mhardhat_metadata (13)[0m
[32mhardhat_metadata (14)[0m
[32mhardhat_metadata (15)[0m
[32mhardhat_metadata (16)[0m
[32mhardhat_metadata (17)[0m
[32mhardhat_metadata (18)[0m
[32mhardhat_metadata (19)[0m
[32mhardhat_metadata (20)[0m
[32meth_accounts[0m
[32mhardhat_metadata[0m
[32mhardhat_metadata (2)[0m
[32mhardhat_metadata (3)[0m
[32mhardhat_metadata (4)[0m
[32mhardhat_metadata (5)[0m
[32mhardhat_metadata (6)[0m
[32mhardhat_metadata (7)[0m
[32mhardhat_metadata (8)[0m
[32mhardhat_metadata (9)[0m
[32mhardhat_metadata (10)[0m
[32mhardhat_metadata (11)[0m
[32mhardhat_metadata (12)[0m
[32mhardhat_metadata (13)[0m
[32mhardhat_metadata (14)[0m
[32mhardhat_metadata (15)[0m
[32mhardhat_metadata (16)[0m
[32mhardhat_metadata (17)[0m
[32mhardhat_metadata (18)[0m
[32mhardhat_metadata (19)[0m
[32mhardhat_metadata (20)[0m
[32meth_blockNumber[0m
[32meth_getBlockByNumber[0m
[32meth_feeHistory[0m
[32meth_sendTransaction[0m
  Contract deployment: DXPToken
  Contract address:    0x59b670e9fa9d0a427751af201d676719a970857b
  Transaction:         0x62bd288db65b06d1da89cf04c153f76f453768d2b865c905b65b836ce33c237b
  From:                0xf39fd6e51aad88f6f4ce6ab8827279cfffb92266
  Value:               0 ETH
  Gas used:            2093500 of 30000000
  Block #22:           0x69f3b5606c4a4db7b711c3837082cf68f64e86eefabaaa82ecb68b83c165acdd

[32meth_getTransactionByHash[0m
[32meth_getTransactionReceipt[0m
[32meth_accounts[0m
[32mhardhat_metadata[0m
[32mhardhat_metadata (2)[0m
[32mhardhat_metadata (3)[0m
[32mhardhat_metadata (4)[0m
[32mhardhat_metadata (5)[0m
[32mhardhat_metadata (6)[0m
[32mhardhat_metadata (7)[0m
[32mhardhat_metadata (8)[0m
[32mhardhat_metadata (9)[0m
[32mhardhat_metadata (10)[0m
[32mhardhat_metadata (11)[0m
[32mhardhat_metadata (12)[0m
[32mhardhat_metadata (13)[0m
[32mhardhat_metadata (14)[0m
[32mhardhat_metadata (15)[0m
[32mhardhat_metadata (16)[0m
[32mhardhat_metadata (17)[0m
[32mhardhat_metadata (18)[0m
[32mhardhat_metadata (19)[0m
[32mhardhat_metadata (20)[0m
[32meth_blockNumber[0m
[32meth_feeHistory[0m
[32meth_sendTransaction[0m
  Contract deployment: DXPFaucet
  Contract address:    0x4ed7c70f96b99c776995fb64377f0d4ab3b0e1c1
  Transaction:         0xd160393a45e5e96607d3461b4900c6716124dd4a0cbab362bbf5da5a05937623
  From:                0xf39fd6e51aad88f6f4ce6ab8827279cfffb92266
  Value:               0 ETH
  Gas used:            441319 of 30000000
  Block #23:           0x52244390499314e4a5cf17c9691c11e003481fe746549c42d4abdeef9a45afc9

[32meth_getTransactionByHash[0m
[32meth_getTransactionReceipt[0m
[32meth_accounts[0m
[32mhardhat_metadata[0m
[32mhardhat_metadata (2)[0m
[32mhardhat_metadata (3)[0m
[32mhardhat_metadata (4)[0m
[32mhardhat_metadata (5)[0m
[32mhardhat_metadata (6)[0m
[32mhardhat_metadata (7)[0m
[32mhardhat_metadata (8)[0m
[32mhardhat_metadata (9)[0m
[32mhardhat_metadata (10)[0m
[32mhardhat_metadata (11)[0m
[32mhardhat_metadata (12)[0m
[32mhardhat_metadata (13)[0m
[32mhardhat_metadata (14)[0m
[32mhardhat_metadata (15)[0m
[32mhardhat_metadata (16)[0m
[32mhardhat_metadata (17)[0m
[32mhardhat_metadata (18)[0m
[32mhardhat_metadata (19)[0m
[32mhardhat_metadata (20)[0m
[32meth_blockNumber[0m
[32meth_feeHistory[0m
[32meth_sendTransaction[0m
  Contract deployment: FarmDeployer
  Contract address:    0x322813fd9a801c5507c9de605d63cea4f2ce6c44
  Transaction:         0x065ebabd3ba49e8f40f63a44079460d2a19d49fab031c46a6a4c60c2a834e979
  From:                0xf39fd6e51aad88f6f4ce6ab8827279cfffb92266
  Value:               0 ETH
  Gas used:            2748209 of 30000000
  Block #24:           0x47fdc3b0d2be7f3468d86afda80e73ace2a7638f7adc2549a46c64e2ebda0906

[32meth_getTransactionByHash[0m
[32meth_getTransactionReceipt[0m
[32meth_accounts[0m
[32mhardhat_metadata[0m
[32mhardhat_metadata (2)[0m
[32mhardhat_metadata (3)[0m
[32mhardhat_metadata (4)[0m
[32mhardhat_metadata (5)[0m
[32mhardhat_metadata (6)[0m
[32mhardhat_metadata (7)[0m
[32mhardhat_metadata (8)[0m
[32mhardhat_metadata (9)[0m
[32mhardhat_metadata (10)[0m
[32mhardhat_metadata (11)[0m
[32mhardhat_metadata (12)[0m
[32mhardhat_metadata (13)[0m
[32mhardhat_metadata (14)[0m
[32mhardhat_metadata (15)[0m
[32mhardhat_metadata (16)[0m
[32mhardhat_metadata (17)[0m
[32mhardhat_metadata (18)[0m
[32mhardhat_metadata (19)[0m
[32mhardhat_metadata (20)[0m
[32meth_blockNumber[0m
[32meth_feeHistory[0m
[32meth_sendTransaction[0m
  Contract deployment: RestakeFarmDeployer
  Contract address:    0xa85233c63b9ee964add6f2cffe00fd84eb32338f
  Transaction:         0x1ad9f1e5d03b028c57cc3220eb7d37123d969bd613a9339bebede458df07de28
  From:                0xf39fd6e51aad88f6f4ce6ab8827279cfffb92266
  Value:               0 ETH
  Gas used:            3034842 of 30000000
  Block #25:           0xb0521c6fbaa40fa3e4699313cf655958c5bff88cc2e8a81681269697c3977fef

[32meth_getTransactionByHash[0m
[32meth_getTransactionReceipt[0m
[32meth_accounts[0m
[32mhardhat_metadata[0m
[32mhardhat_metadata (2)[0m
[32mhardhat_metadata (3)[0m
[32mhardhat_metadata (4)[0m
[32mhardhat_metadata (5)[0m
[32mhardhat_metadata (6)[0m
[32mhardhat_metadata (7)[0m
[32mhardhat_metadata (8)[0m
[32mhardhat_metadata (9)[0m
[32mhardhat_metadata (10)[0m
[32mhardhat_metadata (11)[0m
[32mhardhat_metadata (12)[0m
[32mhardhat_metadata (13)[0m
[32mhardhat_metadata (14)[0m
[32mhardhat_metadata (15)[0m
[32mhardhat_metadata (16)[0m
[32mhardhat_metadata (17)[0m
[32mhardhat_metadata (18)[0m
[32mhardhat_metadata (19)[0m
[32mhardhat_metadata (20)[0m
[32meth_blockNumber[0m
[32meth_feeHistory[0m
[32meth_sendTransaction[0m
  Contract deployment: FarmFactory
  Contract address:    0x4a679253410272dd5232b3ff7cf5dbb88f295319
  Transaction:         0x38a256c6584f642a72447508e47894adfe4bfc333d6a209ece7971a26277c9b6
  From:                0xf39fd6e51aad88f6f4ce6ab8827279cfffb92266
  Value:               0 ETH
  Gas used:            487632 of 30000000
  Block #26:           0xc82d2b5deeec5bd504c7fc200e3b4a74b7e0ac1f10afa35c3c671b21588bb1cc

[32meth_getTransactionByHash[0m
[32meth_getTransactionReceipt[0m
[32meth_accounts[0m
[32mhardhat_metadata[0m
[32mhardhat_metadata (2)[0m
[32mhardhat_metadata (3)[0m
[32mhardhat_metadata (4)[0m
[32mhardhat_metadata (5)[0m
[32mhardhat_metadata (6)[0m
[32mhardhat_metadata (7)[0m
[32mhardhat_metadata (8)[0m
[32mhardhat_metadata (9)[0m
[32mhardhat_metadata (10)[0m
[32mhardhat_metadata (11)[0m
[32mhardhat_metadata (12)[0m
[32mhardhat_metadata (13)[0m
[32mhardhat_metadata (14)[0m
[32mhardhat_metadata (15)[0m
[32mhardhat_metadata (16)[0m
[32mhardhat_metadata (17)[0m
[32mhardhat_metadata (18)[0m
[32mhardhat_metadata (19)[0m
[32mhardhat_metadata (20)[0m
[32meth_blockNumber[0m
[32meth_feeHistory[0m
[32meth_sendTransaction[0m
  Contract deployment: ProtocolCore
  Contract address:    0x7a2088a1bfc9d81c55368ae168c2c02570cb814f
  Transaction:         0xc051f187c2ed34dacc44f3aa4e84bd6c5f76bb0f22827a916cef2dfd3a1f8a8d
  From:                0xf39fd6e51aad88f6f4ce6ab8827279cfffb92266
  Value:               0 ETH
  Gas used:            5499912 of 30000000
  Block #27:           0xbfd7d61ad35ffa37d8ac8e5a302f128d9b721c0ad10434f343efd55ca5f7942a

[32meth_getTransactionByHash[0m
[32meth_getTransactionReceipt[0m
[32meth_blockNumber[0m
[32meth_feeHistory[0m
[32meth_sendTransaction[0m
  Contract call:       FarmFactory#transferOwnership
  Transaction:         0x6e7b89870351b6d4ec267cad7098b70d64ac279a941e11e9ebec8b793cc7e3e1
  From:                0xf39fd6e51aad88f6f4ce6ab8827279cfffb92266
  To:                  0x4a679253410272dd5232b3ff7cf5dbb88f295319
  Value:               0 ETH
  Gas used:            28509 of 30000000
  Block #28:           0x9eb2cf7624948aeaf9024795dab61e59fbb58739b409f9e528649e305d88459a

[32meth_getTransactionByHash[0m
[32meth_getTransactionReceipt[0m
[32meth_accounts[0m
[32mhardhat_metadata[0m
[32mhardhat_metadata (2)[0m
[32mhardhat_metadata (3)[0m
[32mhardhat_metadata (4)[0m
[32mhardhat_metadata (5)[0m
[32mhardhat_metadata (6)[0m
[32mhardhat_metadata (7)[0m
[32mhardhat_metadata (8)[0m
[32mhardhat_metadata (9)[0m
[32mhardhat_metadata (10)[0m
[32mhardhat_metadata (11)[0m
[32mhardhat_metadata (12)[0m
[32mhardhat_metadata (13)[0m
[32mhardhat_metadata (14)[0m
[32mhardhat_metadata (15)[0m
[32mhardhat_metadata (16)[0m
[32mhardhat_metadata (17)[0m
[32mhardhat_metadata (18)[0m
[32mhardhat_metadata (19)[0m
[32mhardhat_metadata (20)[0m
[32meth_blockNumber[0m
[32meth_feeHistory[0m
[32meth_sendTransaction[0m
  Contract deployment: MockBridgeAdapter
  Contract address:    0xc5a5c42992decbae36851359345fe25997f5c42d
  Transaction:         0x355dca172b66bfe8446459b0aaa5a27d7096a935b2248a9e47f66937fb0ac2ce
  From:                0xf39fd6e51aad88f6f4ce6ab8827279cfffb92266
  Value:               0 ETH
  Gas used:            298277 of 30000000
  Block #29:           0xf41c2f708b777cacb402ad002062abe311d6421d5693069ef23da5d305f4284e

[32meth_getTransactionByHash[0m
[32meth_getTransactionReceipt[0m
[32meth_accounts[0m
[32mhardhat_metadata[0m
[32mhardhat_metadata (2)[0m
[32mhardhat_metadata (3)[0m
[32mhardhat_metadata (4)[0m
[32mhardhat_metadata (5)[0m
[32mhardhat_metadata (6)[0m
[32mhardhat_metadata (7)[0m
[32mhardhat_metadata (8)[0m
[32mhardhat_metadata (9)[0m
[32mhardhat_metadata (10)[0m
[32mhardhat_metadata (11)[0m
[32mhardhat_metadata (12)[0m
[32mhardhat_metadata (13)[0m
[32mhardhat_metadata (14)[0m
[32mhardhat_metadata (15)[0m
[32mhardhat_metadata (16)[0m
[32mhardhat_metadata (17)[0m
[32mhardhat_metadata (18)[0m
[32mhardhat_metadata (19)[0m
[32mhardhat_metadata (20)[0m
[32meth_blockNumber[0m
[32meth_feeHistory[0m
[32meth_sendTransaction[0m
  Contract deployment: MockLiquidityManager
  Contract address:    0x67d269191c92caf3cd7723f116c85e6e9bf55933
  Transaction:         0x534ad5e5d24871817054554c6dccc6a4a7c001b8018e3db9f7b6085ba450878c
  From:                0xf39fd6e51aad88f6f4ce6ab8827279cfffb92266
  Value:               0 ETH
  Gas used:            340627 of 30000000
  Block #30:           0xc33d48bcd5f4db049bc530b0f65a0130533cb28ee79e4cca785ac7f7ec3145b7

[32meth_getTransactionByHash[0m
[32meth_getTransactionReceipt[0m
[32meth_accounts[0m
[32mhardhat_metadata[0m
[32mhardhat_metadata (2)[0m
[32mhardhat_metadata (3)[0m
[32mhardhat_metadata (4)[0m
[32mhardhat_metadata (5)[0m
[32mhardhat_metadata (6)[0m
[32mhardhat_metadata (7)[0m
[32mhardhat_metadata (8)[0m
[32mhardhat_metadata (9)[0m
[32mhardhat_metadata (10)[0m
[32mhardhat_metadata (11)[0m
[32mhardhat_metadata (12)[0m
[32mhardhat_metadata (13)[0m
[32mhardhat_metadata (14)[0m
[32mhardhat_metadata (15)[0m
[32mhardhat_metadata (16)[0m
[32mhardhat_metadata (17)[0m
[32mhardhat_metadata (18)[0m
[32mhardhat_metadata (19)[0m
[32mhardhat_metadata (20)[0m
[32meth_call[0m
  Contract call:       ProtocolCore#consensus
  From:                0xf39fd6e51aad88f6f4ce6ab8827279cfffb92266
  To:                  0x7a2088a1bfc9d81c55368ae168c2c02570cb814f

[32meth_blockNumber[0m
[32meth_feeHistory[0m
[32meth_sendTransaction[0m
  Contract deployment: Consensus
  Contract address:    0xe6e340d132b5f46d1e472debcd681b2abc16e57e
  Transaction:         0xc742f9ee27c1e1e9ff1068cb3d73162775cec9b0eef9b52b791f239604443e7e
  From:                0xf39fd6e51aad88f6f4ce6ab8827279cfffb92266
  Value:               0 ETH
  Gas used:            768635 of 30000000
  Block #31:           0x805d300889b8c7ab0524fad0622dbaeea305b9ce0f17b0df99ea9f2877c7d551

[32meth_getTransactionByHash[0m
[32meth_getTransactionReceipt[0m
[32meth_blockNumber[0m
[32meth_feeHistory[0m
[32meth_sendTransaction[0m
  Contract call:       ProtocolCore#setConsensusModule
  Transaction:         0x8bbdb2d16ea99e38d675f74d863173ed4b4f32fd74dfc8847003afb9d3281d97
  From:                0xf39fd6e51aad88f6f4ce6ab8827279cfffb92266
  To:                  0x7a2088a1bfc9d81c55368ae168c2c02570cb814f
  Value:               0 ETH
  Gas used:            48019 of 30000000
  Block #32:           0xc7b7d1e22181ad3121c50e0e244bc9b38b713570d6cb3e6a9a723e4b077b964d

[32meth_getTransactionByHash[0m
[32meth_getTransactionReceipt[0m
[32meth_call[0m
  Contract call:       ProtocolCore#bridgeAdapter
  From:                0xf39fd6e51aad88f6f4ce6ab8827279cfffb92266
  To:                  0x7a2088a1bfc9d81c55368ae168c2c02570cb814f

[32meth_blockNumber[0m
[32meth_feeHistory[0m
[32meth_sendTransaction[0m
  Contract call:       ProtocolCore#setBridgingAdaptor
  Transaction:         0x26ffef093eb6f3c2b86bc251d4cf2522f3b0b26bc977f359480f92273d2fa03a
  From:                0xf39fd6e51aad88f6f4ce6ab8827279cfffb92266
  To:                  0x7a2088a1bfc9d81c55368ae168c2c02570cb814f
  Value:               0 ETH
  Gas used:            46961 of 30000000
  Block #33:           0xe12f294ec7611058ca22a7de2a4abfc1c16c2f5bb82039ed268245c67c5879f0

[32meth_getTransactionByHash[0m
[32meth_getTransactionReceipt[0m
[32meth_call[0m
  Contract call:       ProtocolCore#liquidityManager
  From:                0xf39fd6e51aad88f6f4ce6ab8827279cfffb92266
  To:                  0x7a2088a1bfc9d81c55368ae168c2c02570cb814f

[32meth_blockNumber[0m
[32meth_feeHistory[0m
[32meth_sendTransaction[0m
  Contract call:       ProtocolCore#setLiquidityManager
  Transaction:         0x9b4109484846074f7384c668d7672239199db1188b52f224f79877c4267e3882
  From:                0xf39fd6e51aad88f6f4ce6ab8827279cfffb92266
  To:                  0x7a2088a1bfc9d81c55368ae168c2c02570cb814f
  Value:               0 ETH
  Gas used:            46169 of 30000000
  Block #34:           0xa919108135c6bbc895f2df3bcf0b4b1f819ee586c9902b2d9a26bed81632b417

[32meth_getTransactionByHash[0m
[32meth_getTransactionReceipt[0m
[32meth_call[0m
  Contract call:       ProtocolCore#rootFarm
  From:                0xf39fd6e51aad88f6f4ce6ab8827279cfffb92266
  To:                  0x7a2088a1bfc9d81c55368ae168c2c02570cb814f

[32meth_call[0m
  Contract call:       ProtocolCore#vdxpToken
  From:                0xf39fd6e51aad88f6f4ce6ab8827279cfffb92266
  To:                  0x7a2088a1bfc9d81c55368ae168c2c02570cb814f

[32meth_accounts[0m
[32mhardhat_metadata[0m
[32mhardhat_metadata (2)[0m
[32mhardhat_metadata (3)[0m
[32mhardhat_metadata (4)[0m
[32mhardhat_metadata (5)[0m
[32mhardhat_metadata (6)[0m
[32mhardhat_metadata (7)[0m
[32mhardhat_metadata (8)[0m
[32mhardhat_metadata (9)[0m
[32mhardhat_metadata (10)[0m
[32mhardhat_metadata (11)[0m
[32mhardhat_metadata (12)[0m
[32mhardhat_metadata (13)[0m
[32mhardhat_metadata (14)[0m
[32mhardhat_metadata (15)[0m
[32mhardhat_metadata (16)[0m
[32mhardhat_metadata (17)[0m
[32mhardhat_metadata (18)[0m
[32mhardhat_metadata (19)[0m
[32mhardhat_metadata (20)[0m
[32meth_blockNumber[0m
[32meth_feeHistory[0m
[32meth_sendTransaction[0m
  Contract deployment: RootFarm
  Contract address:    0xa82ff9afd8f496c3d6ac40e2a0f282e47488cfc9
  Transaction:         0xeff8f935fceccdbcd7027c56f702b8b0a4d67cd510db787fa605a8ae3e2e59e1
  From:                0xf39fd6e51aad88f6f4ce6ab8827279cfffb92266
  Value:               0 ETH
  Gas used:            2502631 of 30000000
  Block #35:           0x78ce50643c93c537fe29875dc639f0307e884aaaca46675680e3441c05b2ba0b

[32meth_getTransactionByHash[0m
[32meth_getTransactionReceipt[0m
[32meth_blockNumber[0m
[32meth_feeHistory[0m
[32meth_sendTransaction[0m
  Contract call:       ProtocolCore#setRootFarm
  Transaction:         0x93a1dfc0f187028a960d55e2e3394bd198052690cd0434b8b7f6669fcba74696
  From:                0xf39fd6e51aad88f6f4ce6ab8827279cfffb92266
  To:                  0x7a2088a1bfc9d81c55368ae168c2c02570cb814f
  Value:               0 ETH
  Gas used:            182517 of 30000000
  Block #36:           0x18647b01674b56195841dfd860765ff7186133a9b73c3268e1a082953574c40e

[32meth_getTransactionByHash[0m
[32meth_getTransactionReceipt[0m
[32meth_accounts[0m
[32mhardhat_metadata[0m
[32mhardhat_metadata (2)[0m
[32mhardhat_metadata (3)[0m
[32mhardhat_metadata (4)[0m
[32mhardhat_metadata (5)[0m
[32mhardhat_metadata (6)[0m
[32mhardhat_metadata (7)[0m
[32mhardhat_metadata (8)[0m
[32mhardhat_metadata (9)[0m
[32mhardhat_metadata (10)[0m
[32mhardhat_metadata (11)[0m
[32mhardhat_metadata (12)[0m
[32mhardhat_metadata (13)[0m
[32mhardhat_metadata (14)[0m
[32mhardhat_metadata (15)[0m
[32mhardhat_metadata (16)[0m
[32mhardhat_metadata (17)[0m
[32mhardhat_metadata (18)[0m
[32mhardhat_metadata (19)[0m
[32mhardhat_metadata (20)[0m
[32meth_blockNumber[0m
[32meth_feeHistory[0m
[32meth_sendTransaction[0m
  Contract deployment: RootAnchorMMStrategy
  Contract address:    0x851356ae760d987e095750cceb3bc6014560891c
  Transaction:         0xab8c698a027d835a7ef1e279e38cf33575e900b92ddff57189ea95cb78eb2829
  From:                0xf39fd6e51aad88f6f4ce6ab8827279cfffb92266
  Value:               0 ETH
  Gas used:            1422847 of 30000000
  Block #37:           0x630aa6587198d7d454c14244c5ff9b666678c1fbcd0ea7846608569099e5750b

[32meth_getTransactionByHash[0m
[32meth_getTransactionReceipt[0m
[32meth_blockNumber[0m
[32meth_feeHistory[0m
[32meth_sendTransaction[0m
  Contract call:       RootAnchorMMStrategy#initialize
  Transaction:         0x258bbc100df7718b41f1283e2c1c1134307375ce5d968bf47c211fec8f228e33
  From:                0xf39fd6e51aad88f6f4ce6ab8827279cfffb92266
  To:                  0x851356ae760d987e095750cceb3bc6014560891c
  Value:               0 ETH
  Gas used:            218100 of 30000000
  Block #38:           0xbd6d5e518c8c635a4c62488ff8d0708f77cdb04e2e6fae840d83a51daa441e78

[32meth_getTransactionByHash[0m
[32meth_getTransactionReceipt[0m
[32meth_accounts[0m
[32mhardhat_metadata[0m
[32mhardhat_metadata (2)[0m
[32mhardhat_metadata (3)[0m
[32mhardhat_metadata (4)[0m
[32mhardhat_metadata (5)[0m
[32mhardhat_metadata (6)[0m
[32mhardhat_metadata (7)[0m
[32mhardhat_metadata (8)[0m
[32mhardhat_metadata (9)[0m
[32mhardhat_metadata (10)[0m
[32mhardhat_metadata (11)[0m
[32mhardhat_metadata (12)[0m
[32mhardhat_metadata (13)[0m
[32mhardhat_metadata (14)[0m
[32mhardhat_metadata (15)[0m
[32mhardhat_metadata (16)[0m
[32mhardhat_metadata (17)[0m
[32mhardhat_metadata (18)[0m
[32mhardhat_metadata (19)[0m
[32mhardhat_metadata (20)[0m
[32meth_blockNumber[0m
[32meth_feeHistory[0m
[32meth_sendTransaction[0m
  Contract call:       RootFarm#updateStrategy
  Transaction:         0xd839925b066f688ffd426b978a2b6d112e0b775360ca6b1cbdab93ff51afc2cb
  From:                0xf39fd6e51aad88f6f4ce6ab8827279cfffb92266
  To:                  0xa82ff9afd8f496c3d6ac40e2a0f282e47488cfc9
  Value:               0 ETH
  Gas used:            46922 of 30000000
  Block #39:           0xebc26c8ccc83634d8bb6e0c8451af70d31d1d5422d42217fe544552f07932e04

[32meth_getTransactionByHash[0m
[32meth_getTransactionReceipt[0m
[32meth_accounts[0m
[32mhardhat_metadata[0m
[32mhardhat_metadata (2)[0m
[32mhardhat_metadata (3)[0m
[32mhardhat_metadata (4)[0m
[32mhardhat_metadata (5)[0m
[32mhardhat_metadata (6)[0m
[32mhardhat_metadata (7)[0m
[32mhardhat_metadata (8)[0m
[32mhardhat_metadata (9)[0m
[32mhardhat_metadata (10)[0m
[32mhardhat_metadata (11)[0m
[32mhardhat_metadata (12)[0m
[32mhardhat_metadata (13)[0m
[32mhardhat_metadata (14)[0m
[32mhardhat_metadata (15)[0m
[32mhardhat_metadata (16)[0m
[32mhardhat_metadata (17)[0m
[32mhardhat_metadata (18)[0m
[32mhardhat_metadata (19)[0m
[32mhardhat_metadata (20)[0m
[32meth_blockNumber[0m
[32meth_feeHistory[0m
[32meth_sendTransaction[0m
  Contract call:       DXPToken#transfer
  Transaction:         0x322a5438dbffd3d7777191c18939fe68e46f1552de79dbffa5f285d07a2e3fa3
  From:                0xf39fd6e51aad88f6f4ce6ab8827279cfffb92266
  To:                  0x59b670e9fa9d0a427751af201d676719a970857b
  Value:               0 ETH
  Gas used:            26929 of 30000000
  Block #40:           0xb7099c239d25a1ee3ad977f8d0c98f5d2d0cd94bbbacaca65d2dacc4c32ff694

[32meth_getTransactionByHash[0m
[32meth_getTransactionReceipt[0m
[32meth_call[0m
  Contract call:       DXPToken#balanceOf
  From:                0xf39fd6e51aad88f6f4ce6ab8827279cfffb92266
  To:                  0x59b670e9fa9d0a427751af201d676719a970857b

[32meth_blockNumber[0m
[32meth_feeHistory[0m
[32meth_sendTransaction[0m
  Contract call:       DXPToken#transfer
  Transaction:         0xc5b22fd3a38d5ddfb056eeea0fd28681456d277be06307b4ebe611e8e8f2deb9
  From:                0xf39fd6e51aad88f6f4ce6ab8827279cfffb92266
  To:                  0x59b670e9fa9d0a427751af201d676719a970857b
  Value:               0 ETH
  Gas used:            51641 of 30000000
  Block #41:           0xc0cf749375313f3a0906c54ed0ca3711c572258a7563cd4fc293315f674bbc03

[32meth_getTransactionByHash[0m
[32meth_getTransactionReceipt[0m
[32meth_blockNumber[0m
[32meth_feeHistory[0m
[32meth_sendTransaction[0m
  Contract call:       DXPToken#transferOwnership
  Transaction:         0xeac8cb989cc11ee1a2907f9794b2b17249f0c454f37815a70a306e49a540c88a
  From:                0xf39fd6e51aad88f6f4ce6ab8827279cfffb92266
  To:                  0x59b670e9fa9d0a427751af201d676719a970857b
  Value:               0 ETH
  Gas used:            29065 of 30000000
  Block #42:           0x8e5f993b270cdc5e981231df92e1c8226dda42649c57937ee741578818aeff6e

[32meth_getTransactionByHash[0m
[32meth_getTransactionReceipt[0m
[32mweb3_clientVersion[0m
[32meth_getBlockByNumber[0m
[32meth_accounts[0m
[32mhardhat_metadata[0m
[32mhardhat_metadata (2)[0m
[32mhardhat_metadata (3)[0m
[32mhardhat_metadata (4)[0m
[32mhardhat_metadata (5)[0m
[32mhardhat_metadata (6)[0m
[32mhardhat_metadata (7)[0m
[32mhardhat_metadata (8)[0m
[32mhardhat_metadata (9)[0m
[32mhardhat_metadata (10)[0m
[32mhardhat_metadata (11)[0m
[32mhardhat_metadata (12)[0m
[32mhardhat_metadata (13)[0m
[32mhardhat_metadata (14)[0m
[32mhardhat_metadata (15)[0m
[32mhardhat_metadata (16)[0m
[32mhardhat_metadata (17)[0m
[32mhardhat_metadata (18)[0m
[32mhardhat_metadata (19)[0m
[32mhardhat_metadata (20)[0m
[32meth_accounts[0m
[32mhardhat_metadata[0m
[32mhardhat_metadata (2)[0m
[32mhardhat_metadata (3)[0m
[32mhardhat_metadata (4)[0m
[32mhardhat_metadata (5)[0m
[32mhardhat_metadata (6)[0m
[32mhardhat_metadata (7)[0m
[32mhardhat_metadata (8)[0m
[32mhardhat_metadata (9)[0m
[32mhardhat_metadata (10)[0m
[32mhardhat_metadata (11)[0m
[32mhardhat_metadata (12)[0m
[32mhardhat_metadata (13)[0m
[32mhardhat_metadata (14)[0m
[32mhardhat_metadata (15)[0m
[32mhardhat_metadata (16)[0m
[32mhardhat_metadata (17)[0m
[32mhardhat_metadata (18)[0m
[32mhardhat_metadata (19)[0m
[32mhardhat_metadata (20)[0m
[32meth_blockNumber[0m
[32meth_getBlockByNumber[0m
[32meth_feeHistory[0m
[32meth_sendTransaction[0m
  Contract deployment: Lock
  Contract address:    0x99bba657f2bbc93c02d617f8ba121cb8fc104acf
  Transaction:         0x6008a01e8f9da62d1c6eb4984aa2aa2f358454cb9ba062582dfc5c63ca3da301
  From:                0xf39fd6e51aad88f6f4ce6ab8827279cfffb92266
  Value:               1. gwei
  Gas used:            198338 of 30000000
  Block #43:           0xc80afc2ef53c29ceca4ed91979ae1626e1be293645146b8807e83b1aa244c917

[32meth_getTransactionReceipt[0m
[32meth_getTransactionByHash[0m
[32meth_getCode[0m
[32mevm_snapshot[0m
[32meth_call[0m
  Contract call:       Lock#unlockTime
  From:                0xf39fd6e51aad88f6f4ce6ab8827279cfffb92266
  To:                  0x99bba657f2bbc93c02d617f8ba121cb8fc104acf

[32mevm_revert[0m
[32mevm_snapshot[0m
[32meth_call[0m
  Contract call:       Lock#owner
  From:                0xf39fd6e51aad88f6f4ce6ab8827279cfffb92266
  To:                  0x99bba657f2bbc93c02d617f8ba121cb8fc104acf

[32mevm_revert[0m
[32mevm_snapshot[0m
[32meth_getBalance[0m
[32meth_getBlockByNumber[0m
[32meth_accounts[0m
[32mhardhat_metadata[0m
[32mhardhat_metadata (2)[0m
[32mhardhat_metadata (3)[0m
[32mhardhat_metadata (4)[0m
[32mhardhat_metadata (5)[0m
[32mhardhat_metadata (6)[0m
[32mhardhat_metadata (7)[0m
[32mhardhat_metadata (8)[0m
[32mhardhat_metadata (9)[0m
[32mhardhat_metadata (10)[0m
[32mhardhat_metadata (11)[0m
[32mhardhat_metadata (12)[0m
[32mhardhat_metadata (13)[0m
[32mhardhat_metadata (14)[0m
[32mhardhat_metadata (15)[0m
[32mhardhat_metadata (16)[0m
[32mhardhat_metadata (17)[0m
[32mhardhat_metadata (18)[0m
[32mhardhat_metadata (19)[0m
[32mhardhat_metadata (20)[0m
[32meth_blockNumber[0m
[32meth_feeHistory[0m
[31meth_sendTransaction[0m
  Contract deployment: Lock
  Transaction:         0x42ee8dfda7b8dcc1b3bc8998a0d369854b1a0cd8265c042945d3623a39b8fb55
  From:                0xf39fd6e51aad88f6f4ce6ab8827279cfffb92266
  Value:               1 wei
  Gas used:            63695 of 30000000
  Block #44:           0x348cbd4a6c78068946ddec75ba9aa929a12fefab54fe0254895b15ddf871cb32

  Error: reverted with reason string 'Unlock time should be in the future'

[32mevm_revert[0m
[32mevm_snapshot[0m
[32meth_blockNumber[0m
[32meth_feeHistory[0m
[31meth_sendTransaction[0m
  Contract call:       Lock#withdraw
  Transaction:         0xec0017c4a7fdc18caba19f7febd6fb67fda769f57b14b3b3a1a18dd6c5e37765
  From:                0xf39fd6e51aad88f6f4ce6ab8827279cfffb92266
  To:                  0x99bba657f2bbc93c02d617f8ba121cb8fc104acf
  Value:               0 ETH
  Gas used:            23432 of 30000000
  Block #44:           0xab11e657576141c9d956a0f2b90c03dfbd8b099cad527f964d41aa985eb8f9c9

  Error: reverted with reason string 'You can't withdraw yet'

[32mevm_revert[0m
[32mevm_snapshot[0m
[32mevm_setNextBlockTimestamp[0m
[32mhardhat_mine[0m
  Mined empty block #44 with base fee 4123641

[32meth_blockNumber[0m
[32meth_feeHistory[0m
[32meth_maxPriorityFeePerGas[0m
[31meth_sendTransaction[0m
  Contract call:       Lock#withdraw
  Transaction:         0xb64fc459d8829958c7401bac4e1f8d0690eea9de0d85f7b2ee71d31fcfd46a01
  From:                0x70997970c51812dc3a010c7d01b50e0d17dc79c8
  To:                  0x99bba657f2bbc93c02d617f8ba121cb8fc104acf
  Value:               0 ETH
  Gas used:            25577 of 30000000
  Block #45:           0x4bbee9ad942435d5c599d418c20b83dbb6002384ad0fd0731d859c8f2c1add84

  Error: reverted with reason string 'You aren't the owner'

[32mevm_revert[0m
[32mevm_snapshot[0m
[32mevm_setNextBlockTimestamp[0m
[32mhardhat_mine[0m
  Mined empty block #44 with base fee 4123641

[32meth_blockNumber[0m
[32meth_feeHistory[0m
[32meth_maxPriorityFeePerGas[0m
[32meth_sendTransaction[0m
  Contract call:       Lock#withdraw
  Transaction:         0x52aceb8f1c2d71004cd52980ad61f9a898ad8e4858b830143919b98bcf8797fb
  From:                0xf39fd6e51aad88f6f4ce6ab8827279cfffb92266
  To:                  0x99bba657f2bbc93c02d617f8ba121cb8fc104acf
  Value:               0 ETH
  Gas used:            33656 of 30000000
  Block #45:           0xd94c225c27455b711e366b430b87af68159fc5028c1f5254a0ae794459c299a6

[32meth_getTransactionReceipt[0m
[32meth_getTransactionByHash[0m
[32meth_getTransactionReceipt[0m
[32meth_getTransactionByHash[0m
[32mevm_revert[0m
[32mevm_snapshot[0m
[32mevm_setNextBlockTimestamp[0m
[32mhardhat_mine[0m
  Mined empty block #44 with base fee 4123641

[32meth_blockNumber[0m
[32meth_feeHistory[0m
[32meth_maxPriorityFeePerGas[0m
[32meth_sendTransaction[0m
  Contract call:       Lock#withdraw
  Transaction:         0x52aceb8f1c2d71004cd52980ad61f9a898ad8e4858b830143919b98bcf8797fb
  From:                0xf39fd6e51aad88f6f4ce6ab8827279cfffb92266
  To:                  0x99bba657f2bbc93c02d617f8ba121cb8fc104acf
  Value:               0 ETH
  Gas used:            33656 of 30000000
  Block #45:           0xd94c225c27455b711e366b430b87af68159fc5028c1f5254a0ae794459c299a6

[32meth_getTransactionReceipt[0m
[32meth_getTransactionByHash[0m
[32meth_getTransactionReceipt[0m
[32meth_getTransactionByHash[0m
[32mevm_revert[0m
[32mevm_snapshot[0m
[32mevm_setNextBlockTimestamp[0m
[32mhardhat_mine[0m
  Mined empty block #44 with base fee 4123641

[32meth_blockNumber[0m
[32meth_feeHistory[0m
[32meth_maxPriorityFeePerGas[0m
[32meth_sendTransaction[0m
  Contract call:       Lock#withdraw
  Transaction:         0x52aceb8f1c2d71004cd52980ad61f9a898ad8e4858b830143919b98bcf8797fb
  From:                0xf39fd6e51aad88f6f4ce6ab8827279cfffb92266
  To:                  0x99bba657f2bbc93c02d617f8ba121cb8fc104acf
  Value:               0 ETH
  Gas used:            33656 of 30000000
  Block #45:           0xd94c225c27455b711e366b430b87af68159fc5028c1f5254a0ae794459c299a6

[32meth_getTransactionReceipt[0m
[32meth_getTransactionByHash[0m
[32meth_getTransactionReceipt[0m
[32meth_getTransactionByHash[0m
[32meth_getBalance[0m
[32meth_getBalance (2)[0m
[32meth_getBalance (3)[0m
[32meth_getBalance (4)[0m
[32meth_getTransactionReceipt[0m
[32meth_getTransactionByHash[0m
[32meth_accounts[0m
[32mhardhat_metadata[0m
[32mhardhat_metadata (2)[0m
[32mhardhat_metadata (3)[0m
[32mhardhat_metadata (4)[0m
[32mhardhat_metadata (5)[0m
[32mhardhat_metadata (6)[0m
[32mhardhat_metadata (7)[0m
[32mhardhat_metadata (8)[0m
[32mhardhat_metadata (9)[0m
[32mhardhat_metadata (10)[0m
[32mhardhat_metadata (11)[0m
[32mhardhat_metadata (12)[0m
[32mhardhat_metadata (13)[0m
[32mhardhat_metadata (14)[0m
[32mhardhat_metadata (15)[0m
[32mhardhat_metadata (16)[0m
[32mhardhat_metadata (17)[0m
[32mhardhat_metadata (18)[0m
[32mhardhat_metadata (19)[0m
[32mhardhat_metadata (20)[0m
[32meth_accounts[0m
[32mhardhat_metadata[0m
[32mhardhat_metadata (2)[0m
[32mhardhat_metadata (3)[0m
[32mhardhat_metadata (4)[0m
[32mhardhat_metadata (5)[0m
[32mhardhat_metadata (6)[0m
[32mhardhat_metadata (7)[0m
[32mhardhat_metadata (8)[0m
[32mhardhat_metadata (9)[0m
[32mhardhat_metadata (10)[0m
[32mhardhat_metadata (11)[0m
[32mhardhat_metadata (12)[0m
[32mhardhat_metadata (13)[0m
[32mhardhat_metadata (14)[0m
[32mhardhat_metadata (15)[0m
[32mhardhat_metadata (16)[0m
[32mhardhat_metadata (17)[0m
[32mhardhat_metadata (18)[0m
[32mhardhat_metadata (19)[0m
[32mhardhat_metadata (20)[0m
[32meth_accounts[0m
[32mhardhat_metadata[0m
[32mhardhat_metadata (2)[0m
[32mhardhat_metadata (3)[0m
[32mhardhat_metadata (4)[0m
[32mhardhat_metadata (5)[0m
[32mhardhat_metadata (6)[0m
[32mhardhat_metadata (7)[0m
[32mhardhat_metadata (8)[0m
[32mhardhat_metadata (9)[0m
[32mhardhat_metadata (10)[0m
[32mhardhat_metadata (11)[0m
[32mhardhat_metadata (12)[0m
[32mhardhat_metadata (13)[0m
[32mhardhat_metadata (14)[0m
[32mhardhat_metadata (15)[0m
[32mhardhat_metadata (16)[0m
[32mhardhat_metadata (17)[0m
[32mhardhat_metadata (18)[0m
[32mhardhat_metadata (19)[0m
[32mhardhat_metadata (20)[0m
[32meth_accounts[0m
[32mhardhat_metadata[0m
[32mhardhat_metadata (2)[0m
[32mhardhat_metadata (3)[0m
[32mhardhat_metadata (4)[0m
[32mhardhat_metadata (5)[0m
[32mhardhat_metadata (6)[0m
[32mhardhat_metadata (7)[0m
[32mhardhat_metadata (8)[0m
[32mhardhat_metadata (9)[0m
[32mhardhat_metadata (10)[0m
[32mhardhat_metadata (11)[0m
[32mhardhat_metadata (12)[0m
[32mhardhat_metadata (13)[0m
[32mhardhat_metadata (14)[0m
[32mhardhat_metadata (15)[0m
[32mhardhat_metadata (16)[0m
[32mhardhat_metadata (17)[0m
[32mhardhat_metadata (18)[0m
[32mhardhat_metadata (19)[0m
[32mhardhat_metadata (20)[0m
[32meth_blockNumber[0m
[32meth_feeHistory[0m
[32meth_sendTransaction[0m
  Contract call:       DXPToken#approve
  Transaction:         0x80e1cfbc01d84c789b9bfff9ac42992659f35ce4b7d9b657adcaeb0c086a6f68
  From:                0xf39fd6e51aad88f6f4ce6ab8827279cfffb92266
  To:                  0x59b670e9fa9d0a427751af201d676719a970857b
  Value:               0 ETH
  Gas used:            46021 of 30000000
  Block #46:           0x2f4b8884827265763476f81825bafd6eb54124e93c2d141118bbaedb5483d590

[32meth_getTransactionReceipt[0m
[32meth_getTransactionByHash[0m
[32meth_getCode[0m
[32meth_getBlockByNumber[0m
[32meth_blockNumber[0m
[32meth_feeHistory[0m
[32meth_sendTransaction[0m
  Contract call:       RootFarm#provideLiquidity
  Transaction:         0x72c80e313110887dd5a37d026c54199435fbe713ae47865d9cae2a895dded182
  From:                0xf39fd6e51aad88f6f4ce6ab8827279cfffb92266
  To:                  0xa82ff9afd8f496c3d6ac40e2a0f282e47488cfc9
  Value:               0 ETH
  Gas used:            255188 of 30000000
  Block #47:           0xd5c248734a2ae3195f445ad0932827664df46dc5a00e35466d54089c2fff0088

[32meth_getTransactionReceipt[0m
[32meth_getTransactionByHash[0m
[32meth_getCode[0m
[32meth_call[0m
  Contract call:       RootFarm#availableLiquidity
  From:                0xf39fd6e51aad88f6f4ce6ab8827279cfffb92266
  To:                  0xa82ff9afd8f496c3d6ac40e2a0f282e47488cfc9

[32meth_call[0m
  Contract call:       RootAnchorMMStrategy#getStrategyTVL
  From:                0xf39fd6e51aad88f6f4ce6ab8827279cfffb92266
  To:                  0x851356ae760d987e095750cceb3bc6014560891c

[32meth_blockNumber[0m
[32meth_feeHistory[0m
[31meth_sendTransaction[0m
  Contract call:       RootFarm#deployLiquidity
  Transaction:         0x13c64270903b30fa46d8a898174910f7018cbe4fcbf3fbbb38b21308b37762f9
  From:                0xf39fd6e51aad88f6f4ce6ab8827279cfffb92266
  To:                  0xa82ff9afd8f496c3d6ac40e2a0f282e47488cfc9
  Value:               0 ETH
  Gas used:            100382 of 30000000
  Block #48:           0x0408a18a9888b2c8a4c39e13ddf0f188b656b9ceed7135d3fd4cb15d0b166548

  Error: Transaction reverted without a reason

[32meth_accounts[0m
[32mhardhat_metadata[0m
[32mhardhat_metadata (2)[0m
[32mhardhat_metadata (3)[0m
[32mhardhat_metadata (4)[0m
[32mhardhat_metadata (5)[0m
[32mhardhat_metadata (6)[0m
[32mhardhat_metadata (7)[0m
[32mhardhat_metadata (8)[0m
[32mhardhat_metadata (9)[0m
[32mhardhat_metadata (10)[0m
[32mhardhat_metadata (11)[0m
[32mhardhat_metadata (12)[0m
[32mhardhat_metadata (13)[0m
[32mhardhat_metadata (14)[0m
[32mhardhat_metadata (15)[0m
[32mhardhat_metadata (16)[0m
[32mhardhat_metadata (17)[0m
[32mhardhat_metadata (18)[0m
[32mhardhat_metadata (19)[0m
[32mhardhat_metadata (20)[0m
[32meth_blockNumber[0m
[32meth_feeHistory[0m
[32meth_sendTransaction[0m
  Contract call:       RootFarm#setReserveRatioBps
  Transaction:         0x09ea2a5fd010709d2236525de71f12b71f06041b9111b4bd3f6ca2efef990ba3
  From:                0xf39fd6e51aad88f6f4ce6ab8827279cfffb92266
  To:                  0xa82ff9afd8f496c3d6ac40e2a0f282e47488cfc9
  Value:               0 ETH
  Gas used:            49173 of 30000000
  Block #49:           0x1a4022c23636557c741bace7cbf9768d6e609257023e829442d9eb0603285f69

[32meth_getTransactionReceipt[0m
[32meth_getTransactionByHash[0m
[32meth_getCode[0m
[32meth_blockNumber[0m
[32meth_feeHistory[0m
[32meth_sendTransaction[0m
  Contract call:       RootFarm#setMinReserve
  Transaction:         0x4cdfdb7db4842321cbfcd966a5ddba2c06b6018e5116421216d71029bd4cb275
  From:                0xf39fd6e51aad88f6f4ce6ab8827279cfffb92266
  To:                  0xa82ff9afd8f496c3d6ac40e2a0f282e47488cfc9
  Value:               0 ETH
  Gas used:            49338 of 30000000
  Block #50:           0x3f310cfd80a43b3d4687d70306d0d3a818ae03d0d267b55be388924126828e4e

[32meth_getTransactionReceipt[0m
[32meth_getTransactionByHash[0m
[32meth_getCode[0m
[32meth_blockNumber[0m
[32meth_feeHistory[0m
[32meth_sendTransaction[0m
  Contract call:       RootFarm#startEpoch
  Transaction:         0xadc01ad34ba086d956710c1c00ff0b2dbe9f2a018fcbd8caaff75974488fe046
  From:                0xf39fd6e51aad88f6f4ce6ab8827279cfffb92266
  To:                  0xa82ff9afd8f496c3d6ac40e2a0f282e47488cfc9
  Value:               0 ETH
  Gas used:            156234 of 30000000
  Block #51:           0x3374e9ad9154d9e87c8f9fce48cd9bc78758834673a28314ff10b082dbb73eaf

[32meth_getTransactionReceipt[0m
[32meth_getTransactionByHash[0m
[32meth_getCode[0m
[32meth_blockNumber[0m
[32meth_feeHistory[0m
[31meth_sendTransaction[0m
  Contract call:       RootFarm#rebalanceToTarget
  Transaction:         0xc336142fbef6d5013d77432a6cb565b675c8cf1d6ec0294229de76a61b596c26
  From:                0xf39fd6e51aad88f6f4ce6ab8827279cfffb92266
  To:                  0xa82ff9afd8f496c3d6ac40e2a0f282e47488cfc9
  Value:               0 ETH
  Gas used:            42706 of 30000000
  Block #52:           0x1ded532dc8d95fd5a1cd6755767a03a320ddc4ff8173bef82d040e4861233c10

  Error: reverted with reason string 'Farm: caller is not farm owner or protocol'

[32meth_accounts[0m
[32mhardhat_metadata[0m
[32mhardhat_metadata (2)[0m
[32mhardhat_metadata (3)[0m
[32mhardhat_metadata (4)[0m
[32mhardhat_metadata (5)[0m
[32mhardhat_metadata (6)[0m
[32mhardhat_metadata (7)[0m
[32mhardhat_metadata (8)[0m
[32mhardhat_metadata (9)[0m
[32mhardhat_metadata (10)[0m
[32mhardhat_metadata (11)[0m
[32mhardhat_metadata (12)[0m
[32mhardhat_metadata (13)[0m
[32mhardhat_metadata (14)[0m
[32mhardhat_metadata (15)[0m
[32mhardhat_metadata (16)[0m
[32mhardhat_metadata (17)[0m
[32mhardhat_metadata (18)[0m
[32mhardhat_metadata (19)[0m
[32mhardhat_metadata (20)[0m
[32meth_accounts[0m
[32mhardhat_metadata[0m
[32mhardhat_metadata (2)[0m
[32mhardhat_metadata (3)[0m
[32mhardhat_metadata (4)[0m
[32mhardhat_metadata (5)[0m
[32mhardhat_metadata (6)[0m
[32mhardhat_metadata (7)[0m
[32mhardhat_metadata (8)[0m
[32mhardhat_metadata (9)[0m
[32mhardhat_metadata (10)[0m
[32mhardhat_metadata (11)[0m
[32mhardhat_metadata (12)[0m
[32mhardhat_metadata (13)[0m
[32mhardhat_metadata (14)[0m
[32mhardhat_metadata (15)[0m
[32mhardhat_metadata (16)[0m
[32mhardhat_metadata (17)[0m
[32mhardhat_metadata (18)[0m
[32mhardhat_metadata (19)[0m
[32mhardhat_metadata (20)[0m
[32meth_blockNumber[0m
[32meth_feeHistory[0m
[32meth_sendTransaction[0m
  Contract call:       DXPToken#approve
  Transaction:         0xaa3e931e7f8fc065cdddd1a024392ec561cc552e7aa2bf0f5dad1f4c6da36a43
  From:                0xf39fd6e51aad88f6f4ce6ab8827279cfffb92266
  To:                  0x59b670e9fa9d0a427751af201d676719a970857b
  Value:               0 ETH
  Gas used:            46009 of 30000000
  Block #53:           0x7176721bb48c5475235fa85198b6ff189b717fe9ac9ae0f267a370e2db36cac0

[32meth_getTransactionReceipt[0m
[32meth_getTransactionByHash[0m
[32meth_getCode[0m
[32meth_blockNumber[0m
[32meth_feeHistory[0m
[32meth_sendTransaction[0m
  Contract call:       RootFarm#pause
  Transaction:         0xa0d3a794cf93cca12af13d87a874b8c548eb54683ac754cc69dd8cc369a32013
  From:                0xf39fd6e51aad88f6f4ce6ab8827279cfffb92266
  To:                  0xa82ff9afd8f496c3d6ac40e2a0f282e47488cfc9
  Value:               0 ETH
  Gas used:            47294 of 30000000
  Block #54:           0xa879ca7c5241dff93fa65e836579ed6d54747670cf0fe637112aa74f74e17912

[32meth_getTransactionReceipt[0m
[32meth_getTransactionByHash[0m
[32meth_getCode[0m
[32meth_getBlockByNumber[0m
[32meth_blockNumber[0m
[32meth_feeHistory[0m
[31meth_sendTransaction[0m
  Contract call:       RootFarm#provideLiquidity
  Transaction:         0xd6dead727f37f16b76bfb10ef8ad25f7acbcbeea47aa84ae751816cad8088a30
  From:                0xf39fd6e51aad88f6f4ce6ab8827279cfffb92266
  To:                  0xa82ff9afd8f496c3d6ac40e2a0f282e47488cfc9
  Value:               0 ETH
  Gas used:            24391 of 30000000
  Block #55:           0x04e9b897f26d88131c3bc30b957bd119ab90029a79e01d4f44784cebcfa50e85

  Error: reverted with reason string 'Farm: paused'

[32meth_blockNumber[0m
[32meth_feeHistory[0m
[32meth_sendTransaction[0m
  Contract call:       RootFarm#unpause
  Transaction:         0xbc8931b0408304f870b58e75652ea2443334bb9aaaa12a8941ace1fb77b70a01
  From:                0xf39fd6e51aad88f6f4ce6ab8827279cfffb92266
  To:                  0xa82ff9afd8f496c3d6ac40e2a0f282e47488cfc9
  Value:               0 ETH
  Gas used:            24986 of 30000000
  Block #56:           0x6093e815475636a5b09d7cf32e8edf672bc333807e2f188c5a02de39a82d57fd

[32meth_getTransactionReceipt[0m
[32meth_getTransactionByHash[0m
[32meth_getCode[0m
[32meth_blockNumber[0m
[32meth_feeHistory[0m
[32meth_sendTransaction[0m
  Contract call:       RootFarm#provideLiquidity
  Transaction:         0x5b0960958a1ee19f491fdef11f4bfd7b97cc9f9ae672623f606325c36b0d4d6a
  From:                0xf39fd6e51aad88f6f4ce6ab8827279cfffb92266
  To:                  0xa82ff9afd8f496c3d6ac40e2a0f282e47488cfc9
  Value:               0 ETH
  Gas used:            101580 of 30000000
  Block #57:           0xcce4418a457a2989b153f2c4c3fb963710f2e354629ebc13650c079702d0f873

[32meth_getTransactionReceipt[0m
[32meth_getTransactionByHash[0m
[32meth_getCode[0m
[32meth_getTransactionReceipt[0m
[32meth_getTransactionByHash[0m
[32meth_getCode[0m
[32meth_accounts[0m
[32mhardhat_metadata[0m
[32mhardhat_metadata (2)[0m
[32mhardhat_metadata (3)[0m
[32mhardhat_metadata (4)[0m
[32mhardhat_metadata (5)[0m
[32mhardhat_metadata (6)[0m
[32mhardhat_metadata (7)[0m
[32mhardhat_metadata (8)[0m
[32mhardhat_metadata (9)[0m
[32mhardhat_metadata (10)[0m
[32mhardhat_metadata (11)[0m
[32mhardhat_metadata (12)[0m
[32mhardhat_metadata (13)[0m
[32mhardhat_metadata (14)[0m
[32mhardhat_metadata (15)[0m
[32mhardhat_metadata (16)[0m
[32mhardhat_metadata (17)[0m
[32mhardhat_metadata (18)[0m
[32mhardhat_metadata (19)[0m
[32mhardhat_metadata (20)[0m
[32meth_accounts[0m
[32mhardhat_metadata[0m
[32mhardhat_metadata (2)[0m
[32mhardhat_metadata (3)[0m
[32mhardhat_metadata (4)[0m
[32mhardhat_metadata (5)[0m
[32mhardhat_metadata (6)[0m
[32mhardhat_metadata (7)[0m
[32mhardhat_metadata (8)[0m
[32mhardhat_metadata (9)[0m
[32mhardhat_metadata (10)[0m
[32mhardhat_metadata (11)[0m
[32mhardhat_metadata (12)[0m
[32mhardhat_metadata (13)[0m
[32mhardhat_metadata (14)[0m
[32mhardhat_metadata (15)[0m
[32mhardhat_metadata (16)[0m
[32mhardhat_metadata (17)[0m
[32mhardhat_metadata (18)[0m
[32mhardhat_metadata (19)[0m
[32mhardhat_metadata (20)[0m
[32meth_blockNumber[0m
[32meth_feeHistory[0m
[32meth_sendTransaction[0m
  Contract call:       RootFarm#pause
  Transaction:         0x8d44b325fe12ebfc53bd41f52d04d8892c373bff99d13c64d67ce39a8f57d0e2
  From:                0xf39fd6e51aad88f6f4ce6ab8827279cfffb92266
  To:                  0xa82ff9afd8f496c3d6ac40e2a0f282e47488cfc9
  Value:               0 ETH
  Gas used:            47294 of 30000000
  Block #58:           0x6601324b5bf178fec429720c37a177fe20589a09bea2e756552421c02ab2bd80

[32meth_getTransactionReceipt[0m
[32meth_getTransactionByHash[0m
[32meth_getCode[0m
[32meth_accounts[0m
[32mhardhat_metadata[0m
[32mhardhat_metadata (2)[0m
[32mhardhat_metadata (3)[0m
[32mhardhat_metadata (4)[0m
[32mhardhat_metadata (5)[0m
[32mhardhat_metadata (6)[0m
[32mhardhat_metadata (7)[0m
[32mhardhat_metadata (8)[0m
[32mhardhat_metadata (9)[0m
[32mhardhat_metadata (10)[0m
[32mhardhat_metadata (11)[0m
[32mhardhat_metadata (12)[0m
[32mhardhat_metadata (13)[0m
[32mhardhat_metadata (14)[0m
[32mhardhat_metadata (15)[0m
[32mhardhat_metadata (16)[0m
[32mhardhat_metadata (17)[0m
[32mhardhat_metadata (18)[0m
[32mhardhat_metadata (19)[0m
[32mhardhat_metadata (20)[0m
[32meth_blockNumber[0m
[32meth_feeHistory[0m
[32meth_sendTransaction[0m
  Contract deployment: RootAnchorMMStrategy
  Contract address:    0x7bc06c482dead17c0e297afbc32f6e63d3846650
  Transaction:         0x33032c0331f85795224efe85acab769f76b2a0905457fb2d4e1d76ee89983d9e
  From:                0xf39fd6e51aad88f6f4ce6ab8827279cfffb92266
  Value:               0 ETH
  Gas used:            1422847 of 30000000
  Block #59:           0x9330ccb372571177039f3595f814a89073a39ee996afe046835e6831f983c5f0

[32meth_getTransactionReceipt[0m
[32meth_getTransactionByHash[0m
[32meth_getCode[0m
[32meth_getTransactionReceipt[0m
[32meth_getTransactionByHash[0m
[32meth_blockNumber[0m
[32meth_feeHistory[0m
[32meth_sendTransaction[0m
  Contract call:       RootAnchorMMStrategy#initialize
  Transaction:         0xf4795f8b0390c5e7a3f0cc81107b78646618b9381b947458a3de5811903c94ed
  From:                0xf39fd6e51aad88f6f4ce6ab8827279cfffb92266
  To:                  0x7bc06c482dead17c0e297afbc32f6e63d3846650
  Value:               0 ETH
  Gas used:            218100 of 30000000
  Block #60:           0x1b59d9a6145ccf3e22f0edd920635b6df1bbbbacc3a0479ddf2bd7c3e6c73604

[32meth_getTransactionReceipt[0m
[32meth_getTransactionByHash[0m
[32meth_blockNumber[0m
[32meth_feeHistory[0m
[32meth_sendTransaction[0m
  Contract call:       RootFarm#migrateStrategy
  Transaction:         0xaec991c030e0538f91974bca809bbc4113f6c6366da2b48b13fbd19921f1ead8
  From:                0xf39fd6e51aad88f6f4ce6ab8827279cfffb92266
  To:                  0xa82ff9afd8f496c3d6ac40e2a0f282e47488cfc9
  Value:               0 ETH
  Gas used:            42819 of 30000000
  Block #61:           0x8292e8a3b6b513ec07737f1e9fcbcb341dc4816168f984a2ab550eab8ebc4637

[32meth_getTransactionReceipt[0m
[32meth_getTransactionByHash[0m
[32meth_getCode[0m
[32meth_getTransactionReceipt[0m
[32meth_getTransactionByHash[0m
[32meth_getCode[0m
[32meth_accounts[0m
[32mhardhat_metadata[0m
[32mhardhat_metadata (2)[0m
[32mhardhat_metadata (3)[0m
[32mhardhat_metadata (4)[0m
[32mhardhat_metadata (5)[0m
[32mhardhat_metadata (6)[0m
[32mhardhat_metadata (7)[0m
[32mhardhat_metadata (8)[0m
[32mhardhat_metadata (9)[0m
[32mhardhat_metadata (10)[0m
[32mhardhat_metadata (11)[0m
[32mhardhat_metadata (12)[0m
[32mhardhat_metadata (13)[0m
[32mhardhat_metadata (14)[0m
[32mhardhat_metadata (15)[0m
[32mhardhat_metadata (16)[0m
[32mhardhat_metadata (17)[0m
[32mhardhat_metadata (18)[0m
[32mhardhat_metadata (19)[0m
[32mhardhat_metadata (20)[0m
[32meth_call[0m
  Contract call:       RootFarm#owner
  From:                0xf39fd6e51aad88f6f4ce6ab8827279cfffb92266
  To:                  0xa82ff9afd8f496c3d6ac40e2a0f282e47488cfc9

[32meth_call[0m
  Contract call:       RootFarm#protocolMaster
  From:                0xf39fd6e51aad88f6f4ce6ab8827279cfffb92266
  To:                  0xa82ff9afd8f496c3d6ac40e2a0f282e47488cfc9

[32meth_call[0m
  Contract call:       RootFarm#strategy
  From:                0xf39fd6e51aad88f6f4ce6ab8827279cfffb92266
  To:                  0xa82ff9afd8f496c3d6ac40e2a0f282e47488cfc9

[32meth_call[0m
  Contract call:       RootFarm#claimToken
  From:                0xf39fd6e51aad88f6f4ce6ab8827279cfffb92266
  To:                  0xa82ff9afd8f496c3d6ac40e2a0f282e47488cfc9

[32meth_accounts[0m
[32mhardhat_metadata[0m
[32mhardhat_metadata (2)[0m
[32mhardhat_metadata (3)[0m
[32mhardhat_metadata (4)[0m
[32mhardhat_metadata (5)[0m
[32mhardhat_metadata (6)[0m
[32mhardhat_metadata (7)[0m
[32mhardhat_metadata (8)[0m
[32mhardhat_metadata (9)[0m
[32mhardhat_metadata (10)[0m
[32mhardhat_metadata (11)[0m
[32mhardhat_metadata (12)[0m
[32mhardhat_metadata (13)[0m
[32mhardhat_metadata (14)[0m
[32mhardhat_metadata (15)[0m
[32mhardhat_metadata (16)[0m
[32mhardhat_metadata (17)[0m
[32mhardhat_metadata (18)[0m
[32mhardhat_metadata (19)[0m
[32mhardhat_metadata (20)[0m
[32meth_call[0m
  Contract call:       RootFarm#lpIncentiveSplit
  From:                0xf39fd6e51aad88f6f4ce6ab8827279cfffb92266
  To:                  0xa82ff9afd8f496c3d6ac40e2a0f282e47488cfc9

[32meth_call[0m
  Contract call:       RootFarm#verifierIncentiveSplit
  From:                0xf39fd6e51aad88f6f4ce6ab8827279cfffb92266
  To:                  0xa82ff9afd8f496c3d6ac40e2a0f282e47488cfc9

[32meth_call[0m
  Contract call:       RootFarm#yieldYodaIncentiveSplit
  From:                0xf39fd6e51aad88f6f4ce6ab8827279cfffb92266
  To:                  0xa82ff9afd8f496c3d6ac40e2a0f282e47488cfc9

[32meth_call[0m
  Contract call:       RootFarm#farmOwnerIncentiveSplit
  From:                0xf39fd6e51aad88f6f4ce6ab8827279cfffb92266
  To:                  0xa82ff9afd8f496c3d6ac40e2a0f282e47488cfc9

[32meth_call[0m
  Contract call:       RootFarm#reserveRatioBps
  From:                0xf39fd6e51aad88f6f4ce6ab8827279cfffb92266
  To:                  0xa82ff9afd8f496c3d6ac40e2a0f282e47488cfc9

[32meth_call[0m
  Contract call:       RootFarm#minReserve
  From:                0xf39fd6e51aad88f6f4ce6ab8827279cfffb92266
  To:                  0xa82ff9afd8f496c3d6ac40e2a0f282e47488cfc9

[32meth_accounts[0m
[32mhardhat_metadata[0m
[32mhardhat_metadata (2)[0m
[32mhardhat_metadata (3)[0m
[32mhardhat_metadata (4)[0m
[32mhardhat_metadata (5)[0m
[32mhardhat_metadata (6)[0m
[32mhardhat_metadata (7)[0m
[32mhardhat_metadata (8)[0m
[32mhardhat_metadata (9)[0m
[32mhardhat_metadata (10)[0m
[32mhardhat_metadata (11)[0m
[32mhardhat_metadata (12)[0m
[32mhardhat_metadata (13)[0m
[32mhardhat_metadata (14)[0m
[32mhardhat_metadata (15)[0m
[32mhardhat_metadata (16)[0m
[32mhardhat_metadata (17)[0m
[32mhardhat_metadata (18)[0m
[32mhardhat_metadata (19)[0m
[32mhardhat_metadata (20)[0m
[32meth_call[0m
  Contract call:       RootFarm#totalLiquidity
  From:                0xf39fd6e51aad88f6f4ce6ab8827279cfffb92266
  To:                  0xa82ff9afd8f496c3d6ac40e2a0f282e47488cfc9

[32meth_call[0m
  Contract call:       RootFarm#deployedLiquidity
  From:                0xf39fd6e51aad88f6f4ce6ab8827279cfffb92266
  To:                  0xa82ff9afd8f496c3d6ac40e2a0f282e47488cfc9

[32meth_call[0m
  Contract call:       RootFarm#availableLiquidity
  From:                0xf39fd6e51aad88f6f4ce6ab8827279cfffb92266
  To:                  0xa82ff9afd8f496c3d6ac40e2a0f282e47488cfc9

[32meth_call[0m
  Contract call:       RootFarm#accYieldPerShare
  From:                0xf39fd6e51aad88f6f4ce6ab8827279cfffb92266
  To:                  0xa82ff9afd8f496c3d6ac40e2a0f282e47488cfc9

[32meth_accounts[0m
[32mhardhat_metadata[0m
[32mhardhat_metadata (2)[0m
[32mhardhat_metadata (3)[0m
[32mhardhat_metadata (4)[0m
[32mhardhat_metadata (5)[0m
[32mhardhat_metadata (6)[0m
[32mhardhat_metadata (7)[0m
[32mhardhat_metadata (8)[0m
[32mhardhat_metadata (9)[0m
[32mhardhat_metadata (10)[0m
[32mhardhat_metadata (11)[0m
[32mhardhat_metadata (12)[0m
[32mhardhat_metadata (13)[0m
[32mhardhat_metadata (14)[0m
[32mhardhat_metadata (15)[0m
[32mhardhat_metadata (16)[0m
[32mhardhat_metadata (17)[0m
[32mhardhat_metadata (18)[0m
[32mhardhat_metadata (19)[0m
[32mhardhat_metadata (20)[0m
[32meth_call[0m
  Contract call:       ProtocolCore#farmFactory
  From:                0xf39fd6e51aad88f6f4ce6ab8827279cfffb92266
  To:                  0x7a2088a1bfc9d81c55368ae168c2c02570cb814f

[32meth_call[0m
  Contract call:       ProtocolCore#consensus
  From:                0xf39fd6e51aad88f6f4ce6ab8827279cfffb92266
  To:                  0x7a2088a1bfc9d81c55368ae168c2c02570cb814f

[32meth_call[0m
  Contract call:       ProtocolCore#bridgeAdapter
  From:                0xf39fd6e51aad88f6f4ce6ab8827279cfffb92266
  To:                  0x7a2088a1bfc9d81c55368ae168c2c02570cb814f

[32meth_call[0m
  Contract call:       ProtocolCore#liquidityManager
  From:                0xf39fd6e51aad88f6f4ce6ab8827279cfffb92266
  To:                  0x7a2088a1bfc9d81c55368ae168c2c02570cb814f

[32meth_accounts[0m
[32mhardhat_metadata[0m
[32mhardhat_metadata (2)[0m
[32mhardhat_metadata (3)[0m
[32mhardhat_metadata (4)[0m
[32mhardhat_metadata (5)[0m
[32mhardhat_metadata (6)[0m
[32mhardhat_metadata (7)[0m
[32mhardhat_metadata (8)[0m
[32mhardhat_metadata (9)[0m
[32mhardhat_metadata (10)[0m
[32mhardhat_metadata (11)[0m
[32mhardhat_metadata (12)[0m
[32mhardhat_metadata (13)[0m
[32mhardhat_metadata (14)[0m
[32mhardhat_metadata (15)[0m
[32mhardhat_metadata (16)[0m
[32mhardhat_metadata (17)[0m
[32mhardhat_metadata (18)[0m
[32mhardhat_metadata (19)[0m
[32mhardhat_metadata (20)[0m
[32meth_call[0m
  Contract call:       DXPToken#owner
  From:                0xf39fd6e51aad88f6f4ce6ab8827279cfffb92266
  To:                  0x59b670e9fa9d0a427751af201d676719a970857b

[32meth_accounts[0m
[32mhardhat_metadata[0m
[32mhardhat_metadata (2)[0m
[32mhardhat_metadata (3)[0m
[32mhardhat_metadata (4)[0m
[32mhardhat_metadata (5)[0m
[32mhardhat_metadata (6)[0m
[32mhardhat_metadata (7)[0m
[32mhardhat_metadata (8)[0m
[32mhardhat_metadata (9)[0m
[32mhardhat_metadata (10)[0m
[32mhardhat_metadata (11)[0m
[32mhardhat_metadata (12)[0m
[32mhardhat_metadata (13)[0m
[32mhardhat_metadata (14)[0m
[32mhardhat_metadata (15)[0m
[32mhardhat_metadata (16)[0m
[32mhardhat_metadata (17)[0m
[32mhardhat_metadata (18)[0m
[32mhardhat_metadata (19)[0m
[32mhardhat_metadata (20)[0m
[32meth_call[0m
  Contract call:       FarmFactory#owner
  From:                0xf39fd6e51aad88f6f4ce6ab8827279cfffb92266
  To:                  0x4a679253410272dd5232b3ff7cf5dbb88f295319

[32meth_call[0m
  Contract call:       FarmFactory#currentFarmId
  From:                0xf39fd6e51aad88f6f4ce6ab8827279cfffb92266
  To:                  0x4a679253410272dd5232b3ff7cf5dbb88f295319

[32meth_accounts[0m
[32mhardhat_metadata[0m
[32mhardhat_metadata (2)[0m
[32mhardhat_metadata (3)[0m
[32mhardhat_metadata (4)[0m
[32mhardhat_metadata (5)[0m
[32mhardhat_metadata (6)[0m
[32mhardhat_metadata (7)[0m
[32mhardhat_metadata (8)[0m
[32mhardhat_metadata (9)[0m
[32mhardhat_metadata (10)[0m
[32mhardhat_metadata (11)[0m
[32mhardhat_metadata (12)[0m
[32mhardhat_metadata (13)[0m
[32mhardhat_metadata (14)[0m
[32mhardhat_metadata (15)[0m
[32mhardhat_metadata (16)[0m
[32mhardhat_metadata (17)[0m
[32mhardhat_metadata (18)[0m
[32mhardhat_metadata (19)[0m
[32mhardhat_metadata (20)[0m
[32meth_call[0m
  Contract call:       RootAnchorMMStrategy#farm
  From:                0xf39fd6e51aad88f6f4ce6ab8827279cfffb92266
  To:                  0x851356ae760d987e095750cceb3bc6014560891c

[32meth_call[0m
  Contract call:       RootAnchorMMStrategy#asset
  From:                0xf39fd6e51aad88f6f4ce6ab8827279cfffb92266
  To:                  0x851356ae760d987e095750cceb3bc6014560891c

[32meth_getCode[0m
[32meth_accounts[0m
[32mhardhat_metadata[0m
[32mhardhat_metadata (2)[0m
[32mhardhat_metadata (3)[0m
[32mhardhat_metadata (4)[0m
[32mhardhat_metadata (5)[0m
[32mhardhat_metadata (6)[0m
[32mhardhat_metadata (7)[0m
[32mhardhat_metadata (8)[0m
[32mhardhat_metadata (9)[0m
[32mhardhat_metadata (10)[0m
[32mhardhat_metadata (11)[0m
[32mhardhat_metadata (12)[0m
[32mhardhat_metadata (13)[0m
[32mhardhat_metadata (14)[0m
[32mhardhat_metadata (15)[0m
[32mhardhat_metadata (16)[0m
[32mhardhat_metadata (17)[0m
[32mhardhat_metadata (18)[0m
[32mhardhat_metadata (19)[0m
[32mhardhat_metadata (20)[0m
[32meth_call[0m
  Contract call:       RootAnchorMMStrategy#getStrategyTVL
  From:                0xf39fd6e51aad88f6f4ce6ab8827279cfffb92266
  To:                  0x851356ae760d987e095750cceb3bc6014560891c

[32meth_accounts[0m
[32mhardhat_metadata[0m
[32mhardhat_metadata (2)[0m
[32mhardhat_metadata (3)[0m
[32mhardhat_metadata (4)[0m
[32mhardhat_metadata (5)[0m
[32mhardhat_metadata (6)[0m
[32mhardhat_metadata (7)[0m
[32mhardhat_metadata (8)[0m
[32mhardhat_metadata (9)[0m
[32mhardhat_metadata (10)[0m
[32mhardhat_metadata (11)[0m
[32mhardhat_metadata (12)[0m
[32mhardhat_metadata (13)[0m
[32mhardhat_metadata (14)[0m
[32mhardhat_metadata (15)[0m
[32mhardhat_metadata (16)[0m
[32mhardhat_metadata (17)[0m
[32mhardhat_metadata (18)[0m
[32mhardhat_metadata (19)[0m
[32mhardhat_metadata (20)[0m
[32meth_accounts[0m
[32mhardhat_metadata[0m
[32mhardhat_metadata (2)[0m
[32mhardhat_metadata (3)[0m
[32mhardhat_metadata (4)[0m
[32mhardhat_metadata (5)[0m
[32mhardhat_metadata (6)[0m
[32mhardhat_metadata (7)[0m
[32mhardhat_metadata (8)[0m
[32mhardhat_metadata (9)[0m
[32mhardhat_metadata (10)[0m
[32mhardhat_metadata (11)[0m
[32mhardhat_metadata (12)[0m
[32mhardhat_metadata (13)[0m
[32mhardhat_metadata (14)[0m
[32mhardhat_metadata (15)[0m
[32mhardhat_metadata (16)[0m
[32mhardhat_metadata (17)[0m
[32mhardhat_metadata (18)[0m
[32mhardhat_metadata (19)[0m
[32mhardhat_metadata (20)[0m
[32meth_accounts[0m
[32mhardhat_metadata[0m
[32mhardhat_metadata (2)[0m
[32mhardhat_metadata (3)[0m
[32mhardhat_metadata (4)[0m
[32mhardhat_metadata (5)[0m
[32mhardhat_metadata (6)[0m
[32mhardhat_metadata (7)[0m
[32mhardhat_metadata (8)[0m
[32mhardhat_metadata (9)[0m
[32mhardhat_metadata (10)[0m
[32mhardhat_metadata (11)[0m
[32mhardhat_metadata (12)[0m
[32mhardhat_metadata (13)[0m
[32mhardhat_metadata (14)[0m
[32mhardhat_metadata (15)[0m
[32mhardhat_metadata (16)[0m
[32mhardhat_metadata (17)[0m
[32mhardhat_metadata (18)[0m
[32mhardhat_metadata (19)[0m
[32mhardhat_metadata (20)[0m
[32meth_blockNumber[0m
[32meth_feeHistory[0m
[32meth_sendTransaction[0m
  Contract deployment: MockStakingAdapter
  Contract address:    0xcbeaf3bde82155f56486fb5a1072cb8baaf547cc
  Transaction:         0x32dc2676f86f071580610522bd92da3d007fc066d758243f0e3e453f25cf7617
  From:                0xf39fd6e51aad88f6f4ce6ab8827279cfffb92266
  Value:               0 ETH
  Gas used:            245825 of 30000000
  Block #62:           0x9910ab26aa19105ac4d46282700de5b348812bc3c8bb2320c00ec35b6cc710f9

[32meth_getTransactionReceipt[0m
[32meth_getTransactionByHash[0m
[32meth_getCode[0m
[32meth_getTransactionReceipt[0m
[32meth_getTransactionByHash[0m
[32meth_call[0m
  Contract call:       DXPToken#balanceOf
  From:                0xf39fd6e51aad88f6f4ce6ab8827279cfffb92266
  To:                  0x59b670e9fa9d0a427751af201d676719a970857b

[32meth_blockNumber[0m
[32meth_feeHistory[0m
[32meth_sendTransaction[0m
  Contract call:       DXPToken#approve
  Transaction:         0x97e2b70cac4669a2ae796be44cb7fecfa9549e1b34f9edd241b9b4e05372690c
  From:                0xf39fd6e51aad88f6f4ce6ab8827279cfffb92266
  To:                  0x59b670e9fa9d0a427751af201d676719a970857b
  Value:               0 ETH
  Gas used:            46021 of 30000000
  Block #63:           0x055f2d1ca9a505b6d4a461618c8697c074d2595e2c275a3b0f2b8212cf37e9bc

[32meth_getTransactionReceipt[0m
[32meth_getTransactionByHash[0m
[32meth_getCode[0m
[32meth_blockNumber[0m
[32meth_feeHistory[0m
[32meth_sendTransaction[0m
  Contract call:       MockStakingAdapter#deposit
  Transaction:         0x707dd72f71522f7b68d0427898d4afb750bf354ca187a3fca9ea132560a3b6bc
  From:                0xf39fd6e51aad88f6f4ce6ab8827279cfffb92266
  To:                  0xcbeaf3bde82155f56486fb5a1072cb8baaf547cc
  Value:               0 ETH
  Gas used:            77399 of 30000000
  Block #64:           0x19193227e451c58e8fdf9718b78a74386888e9f3423617c7e8950c6eb070a4a1

[32meth_getTransactionReceipt[0m
[32meth_getTransactionByHash[0m
[32meth_call[0m
  Contract call:       DXPToken#balanceOf
  From:                0xf39fd6e51aad88f6f4ce6ab8827279cfffb92266
  To:                  0x59b670e9fa9d0a427751af201d676719a970857b

[32meth_call[0m
  Contract call:       DXPToken#balanceOf
  From:                0xf39fd6e51aad88f6f4ce6ab8827279cfffb92266
  To:                  0x59b670e9fa9d0a427751af201d676719a970857b

[32meth_call[0m
  Contract call:       MockStakingAdapter#totalAssets
  From:                0xf39fd6e51aad88f6f4ce6ab8827279cfffb92266
  To:                  0xcbeaf3bde82155f56486fb5a1072cb8baaf547cc

[32meth_blockNumber[0m
[32meth_feeHistory[0m
[32meth_sendTransaction[0m
  Contract call:       MockStakingAdapter#withdraw
  Transaction:         0xbb5dbdf03df4630cc4682ef0eded5460b66cff87fac3ee0ab058af73c67e8fd9
  From:                0xf39fd6e51aad88f6f4ce6ab8827279cfffb92266
  To:                  0xcbeaf3bde82155f56486fb5a1072cb8baaf547cc
  Value:               0 ETH
  Gas used:            43042 of 30000000
  Block #65:           0xe6bcf33145128ee282e0ed7a5e15099f07b94fb1218b33682ae78b786b1a7397

[32meth_getTransactionReceipt[0m
[32meth_getTransactionByHash[0m
[32meth_call[0m
  Contract call:       DXPToken#balanceOf
  From:                0xf39fd6e51aad88f6f4ce6ab8827279cfffb92266
  To:                  0x59b670e9fa9d0a427751af201d676719a970857b

[32meth_call[0m
  Contract call:       DXPToken#balanceOf
  From:                0xf39fd6e51aad88f6f4ce6ab8827279cfffb92266
  To:                  0x59b670e9fa9d0a427751af201d676719a970857b

[32meth_call[0m
  Contract call:       MockStakingAdapter#totalAssets
  From:                0xf39fd6e51aad88f6f4ce6ab8827279cfffb92266
  To:                  0xcbeaf3bde82155f56486fb5a1072cb8baaf547cc

[32meth_call[0m
  Contract call:       MockStakingAdapter#pendingRewards
  From:                0xf39fd6e51aad88f6f4ce6ab8827279cfffb92266
  To:                  0xcbeaf3bde82155f56486fb5a1072cb8baaf547cc

[32meth_blockNumber[0m
[32meth_feeHistory[0m
[32meth_sendTransaction[0m
  Contract call:       MockStakingAdapter#harvest
  Transaction:         0x6559fe5040a7258bb79917515ba8a3d3a3959ba06fc845526d2d5e22e21a0cde
  From:                0xf39fd6e51aad88f6f4ce6ab8827279cfffb92266
  To:                  0xcbeaf3bde82155f56486fb5a1072cb8baaf547cc
  Value:               0 ETH
  Gas used:            22080 of 30000000
  Block #66:           0x816aad585b28299e77bcf1695588b4bc66a429e6d2f109af936c7a2823f5c7e3

[32meth_getTransactionReceipt[0m
[32meth_getTransactionByHash[0m
[32meth_getBlockByNumber[0m
